<?xml version="1.0" encoding="utf-8"?><testsuites name="pytest tests"><testsuite name="pytest" errors="0" failures="0" skipped="0" tests="109" time="449.443" timestamp="2026-05-05T18:47:06.963554+00:00" hostname="agent-env-3389e5f7-8a97-4fb5-beee-72397ba91511"><testcase classname="backend.tests.test_fintracker_api.TestAuth" name="test_single_user_auth" time="0.427" /><testcase classname="backend.tests.test_fintracker_api.TestAuth" name="test_login_register_endpoints_exist" time="1.210" /><testcase classname="backend.tests.test_fintracker_api.TestAccounts" name="test_accounts_crud" time="5.682" /><testcase classname="backend.tests.test_fintracker_api.TestBalanceRegression" name="test_income_create_increases_balance" time="7.075" /><testcase classname="backend.tests.test_fintracker_api.TestBalanceRegression" name="test_expense_create_decreases_balance" time="7.581" /><testcase classname="backend.tests.test_fintracker_api.TestBalanceRegression" name="test_income_update_adjusts_balance" time="10.694" /><testcase classname="backend.tests.test_fintracker_api.TestBalanceRegression" name="test_income_delete_reverts_balance" time="8.362" /><testcase classname="backend.tests.test_fintracker_api.TestBalanceRegression" name="test_expense_update_and_delete_balance" time="12.277" /><testcase classname="backend.tests.test_fintracker_api.TestBills" name="test_bills_flow" time="4.669" /><testcase classname="backend.tests.test_fintracker_api.TestCreditCards" name="test_credit_cards_flow" time="3.322" /><testcase classname="backend.tests.test_fintracker_api.TestInvestments" name="test_investment_flow_with_roi" time="7.436" /><testcase classname="backend.tests.test_fintracker_api.TestRentalsLoans" name="test_rentals" time="3.007" /><testcase classname="backend.tests.test_fintracker_api.TestRentalsLoans" name="test_loans_lending" time="6.320" /><testcase classname="backend.tests.test_fintracker_api.TestBudgetsReminders" name="test_budgets_progress" time="3.711" /><testcase classname="backend.tests.test_fintracker_api.TestBudgetsReminders" name="test_reminders" time="3.008" /><testcase classname="backend.tests.test_fintracker_api.TestNotes" name="test_note_headings_and_notes" time="6.206" /><testcase classname="backend.tests.test_fintracker_api.TestDashboardEtc" name="test_dashboard" time="3.800" /><testcase classname="backend.tests.test_fintracker_api.TestDashboardEtc" name="test_net_worth" time="2.377" /><testcase classname="backend.tests.test_fintracker_api.TestDashboardEtc" name="test_analytics_cashflow" time="4.147" /><testcase classname="backend.tests.test_fintracker_api.TestDashboardEtc" name="test_settings" time="2.376" /><testcase classname="backend.tests.test_fintracker_api.TestFamilyMembers" name="test_family_members_crud" time="2.994" /><testcase classname="backend.tests.test_mpin_api.TestMpinSetupWeakRejection" name="test_weak_mpin_rejected[1111-all the same digit]" time="1.152" /><testcase classname="backend.tests.test_mpin_api.TestMpinSetupWeakRejection" name="test_weak_mpin_rejected[0000-all the same digit]" time="0.613" /><testcase classname="backend.tests.test_mpin_api.TestMpinSetupWeakRejection" name="test_weak_mpin_rejected[2222-all the same digit]" time="0.659" /><testcase classname="backend.tests.test_mpin_api.TestMpinSetupWeakRejection" name="test_weak_mpin_rejected[1234-simple sequence]" time="0.625" /><testcase classname="backend.tests.test_mpin_api.TestMpinSetupWeakRejection" name="test_weak_mpin_rejected[4321-simple descending sequence]" time="0.624" /><testcase classname="backend.tests.test_mpin_api.TestMpinSetupWeakRejection" name="test_weak_mpin_rejected[9876-simple descending sequence]" time="0.623" /><testcase classname="backend.tests.test_mpin_api.TestMpinSetupWeakRejection" name="test_weak_mpin_rejected[1212-repeating pattern]" time="0.634" /><testcase classname="backend.tests.test_mpin_api.TestMpinSetupWeakRejection" name="test_weak_mpin_rejected[4545-repeating pattern]" time="0.632" /><testcase classname="backend.tests.test_mpin_api.TestMpinSetupWeakRejection" name="test_weak_mpin_rejected[123456-simple sequence]" time="0.632" /><testcase classname="backend.tests.test_mpin_api.TestMpinSetupWeakRejection" name="test_weak_mpin_rejected[654321-simple descending sequence]" time="0.614" /><testcase classname="backend.tests.test_mpin_api.TestMpinSetupWeakRejection" name="test_common_mpin_rejected" time="0.628" /><testcase classname="backend.tests.test_mpin_api.TestMpinSetupFormat" name="test_non_digit_rejected[abc]" time="0.625" /><testcase classname="backend.tests.test_mpin_api.TestMpinSetupFormat" name="test_non_digit_rejected[12a4]" time="0.628" /><testcase classname="backend.tests.test_mpin_api.TestMpinSetupFormat" name="test_non_digit_rejected[12.4]" time="0.614" /><testcase classname="backend.tests.test_mpin_api.TestMpinSetupFormat" name="test_too_short_rejected" time="0.620" /><testcase classname="backend.tests.test_mpin_api.TestMpinSetupFormat" name="test_too_long_rejected" time="0.627" /><testcase classname="backend.tests.test_mpin_api.TestMpinSetupFormat" name="test_empty_rejected" time="0.624" /><testcase classname="backend.tests.test_mpin_api.TestMpinSetupSuccess" name="test_strong_4_digit_accepted" time="2.707" /><testcase classname="backend.tests.test_mpin_api.TestMpinSetupSuccess" name="test_strong_6_digit_accepted" time="1.974" /><testcase classname="backend.tests.test_mpin_api.TestMpinSetupSuccess" name="test_bcrypt_hash_in_db" time="3.754" /><testcase classname="backend.tests.test_mpin_api.TestMpinVerify" name="test_correct_mpin_returns_verified" time="4.809" /><testcase classname="backend.tests.test_mpin_api.TestMpinVerify" name="test_wrong_mpin_returns_401_with_remaining" time="3.997" /><testcase classname="backend.tests.test_mpin_api.TestMpinBruteForceLockout" name="test_5_wrong_attempts_then_429" time="14.797" /><testcase classname="backend.tests.test_mpin_api.TestMpinBruteForceLockout" name="test_setup_resets_rate_limit" time="10.851" /><testcase classname="backend.tests.test_mpin_api.TestMpinStatus" name="test_status_after_setup" time="3.141" /><testcase classname="backend.tests.test_mpin_api.TestMpinStatus" name="test_status_after_6_digit_setup" time="3.151" /><testcase classname="backend.tests.test_mpin_api.TestDismissPrompt" name="test_dismiss_prompt_persists" time="2.365" /><testcase classname="backend.tests.test_mpin_api.TestMpinDisable" name="test_disable_flips_flag" time="6.298" /><testcase classname="backend.tests.test_mpin_api.TestMpinAuth" name="test_setup_requires_auth" time="0.321" /><testcase classname="backend.tests.test_mpin_api.TestMpinAuth" name="test_verify_requires_auth" time="0.124" /><testcase classname="backend.tests.test_multirecord_and_deltas.TestMultiRecordPersistence" name="test_three_incomes_persist" time="8.424" /><testcase classname="backend.tests.test_multirecord_and_deltas.TestMultiRecordPersistence" name="test_three_expenses_persist" time="6.123" /><testcase classname="backend.tests.test_multirecord_and_deltas.TestMultiRecordPersistence" name="test_two_bills_persist" time="2.682" /><testcase classname="backend.tests.test_multirecord_and_deltas.TestMultiRecordPersistence" name="test_two_credit_cards_persist" time="2.681" /><testcase classname="backend.tests.test_multirecord_and_deltas.TestMultiRecordPersistence" name="test_two_loans_persist" time="2.703" /><testcase classname="backend.tests.test_multirecord_and_deltas.TestMultiRecordPersistence" name="test_two_investments_persist" time="2.739" /><testcase classname="backend.tests.test_multirecord_and_deltas.TestMultiRecordPersistence" name="test_two_reminders_persist" time="2.698" /><testcase classname="backend.tests.test_multirecord_and_deltas.TestMultiRecordPersistence" name="test_two_notes_persist" time="2.675" /><testcase classname="backend.tests.test_multirecord_and_deltas.TestMultiRecordPersistence" name="test_two_family_members_persist" time="2.713" /><testcase classname="backend.tests.test_multirecord_and_deltas.TestDashboardDeltas" name="test_full_delta_response" time="13.102" /><testcase classname="backend.tests.test_multirecord_and_deltas.TestDeltaEdgeCases" name="test_prev_zero_curr_positive_returns_100" time="7.844" /><testcase classname="backend.tests.test_multirecord_and_deltas.TestDeltaEdgeCases" name="test_both_zero_returns_zero" time="4.976" /><testcase classname="backend.tests.test_multirecord_and_deltas.TestSingleUserCollections" name="test_single_user_returns_same_user" time="0.947" /><testcase classname="backend.tests.test_multirecord_and_deltas.TestSingleUserCollections" name="test_settings_still_single_doc" time="4.532" /><testcase classname="backend.tests.test_recovery_api.TestRecoveryStatus" name="test_status_for_fresh_identifier" time="0.438" /><testcase classname="backend.tests.test_recovery_api.TestRecoveryStatus" name="test_status_after_attempts" time="3.557" /><testcase classname="backend.tests.test_recovery_api.TestPasswordEmailRecovery" name="test_no_enumeration_message_for_random_email" time="1.546" /><testcase classname="backend.tests.test_recovery_api.TestPasswordEmailRecovery" name="test_same_message_for_existing_user" time="1.559" /><testcase classname="backend.tests.test_recovery_api.TestPasswordEmailRecovery" name="test_rate_limit_5_attempts_then_429" time="9.419" /><testcase classname="backend.tests.test_recovery_api.TestPasswordEmailRecovery" name="test_email_validation" time="0.119" /><testcase classname="backend.tests.test_recovery_api.TestPhonePasswordReset" name="test_password_too_short_pydantic_422" time="0.113" /><testcase classname="backend.tests.test_recovery_api.TestPhonePasswordReset" name="test_password_weak_no_uppercase_or_digit_400" time="0.146" /><testcase classname="backend.tests.test_recovery_api.TestPhonePasswordReset" name="test_password_weak_no_digit_400" time="0.114" /><testcase classname="backend.tests.test_recovery_api.TestPhonePasswordReset" name="test_password_weak_no_uppercase_400" time="0.121" /><testcase classname="backend.tests.test_recovery_api.TestPhonePasswordReset" name="test_invalid_firebase_token_returns_401" time="0.120" /><testcase classname="backend.tests.test_recovery_api.TestEmailReveal" name="test_invalid_token_returns_401" time="0.121" /><testcase classname="backend.tests.test_recovery_api.TestEmailReveal" name="test_token_too_short_422" time="0.125" /><testcase classname="backend.tests.test_recovery_api.TestEmailMaskingFunction" name="test_mask_email_format" time="0.164" /><testcase classname="backend.tests.test_recovery_api.TestLegacyForgotReset" name="test_legacy_forgot_password_endpoint_responds" time="0.419" /><testcase classname="backend.tests.test_recovery_api.TestLegacyForgotReset" name="test_legacy_reset_password_endpoint_responds" time="0.449" /><testcase classname="backend.tests.test_recovery_api.TestBalanceRegressionSmoke" name="test_income_then_expense_balance_flow" time="12.171" /><testcase classname="backend.tests.test_snapshots_api.TestSnapshotAuth" name="test_capture_requires_auth" time="0.203" /><testcase classname="backend.tests.test_snapshots_api.TestSnapshotAuth" name="test_list_requires_auth" time="0.129" /><testcase classname="backend.tests.test_snapshots_api.TestSnapshotAuth" name="test_last_month_requires_auth" time="0.151" /><testcase classname="backend.tests.test_snapshots_api.TestSnapshotCapture" name="test_capture_returns_full_schema" time="4.194" /><testcase classname="backend.tests.test_snapshots_api.TestSnapshotCapture" name="test_three_captures_persist" time="6.958" /><testcase classname="backend.tests.test_snapshots_api.TestSnapshotCapture" name="test_networth_math_with_account_balance" time="2.022" /><testcase classname="backend.tests.test_snapshots_api.TestSnapshotList" name="test_list_returns_count_and_sorted_desc" time="0.907" /><testcase classname="backend.tests.test_snapshots_api.TestSnapshotList" name="test_filter_by_type_manual" time="0.889" /><testcase classname="backend.tests.test_snapshots_api.TestSnapshotList" name="test_filter_by_type_daily_safe" time="0.912" /><testcase classname="backend.tests.test_snapshots_api.TestLastMonthSnapshot" name="test_404_when_no_prior_month_snapshot" time="0.903" /><testcase classname="backend.tests.test_snapshots_api.TestLastMonthSnapshot" name="test_returns_injected_prior_month" time="1.203" /><testcase classname="backend.tests.test_snapshots_api.TestDashboardSnapshotBasis" name="test_basis_is_snapshot_when_prior_exists" time="4.589" /><testcase classname="backend.tests.test_snapshots_api.TestDashboardSnapshotBasis" name="test_basis_is_flow_approx_for_new_user" time="4.943" /><testcase classname="backend.tests.test_transfers_api.TestTransferCreate" name="test_happy_path" time="12.529" /><testcase classname="backend.tests.test_transfers_api.TestTransferCreate" name="test_amount_zero_rejected" time="5.320" /><testcase classname="backend.tests.test_transfers_api.TestTransferCreate" name="test_negative_amount_rejected" time="5.009" /><testcase classname="backend.tests.test_transfers_api.TestTransferCreate" name="test_from_equals_to_rejected" time="5.587" /><testcase classname="backend.tests.test_transfers_api.TestTransferCreate" name="test_missing_account_ids_rejected" time="0.053" /><testcase classname="backend.tests.test_transfers_api.TestTransferCreate" name="test_account_not_owned_rejected" time="6.420" /><testcase classname="backend.tests.test_transfers_api.TestTransferRead" name="test_list_and_get_one" time="22.916" /><testcase classname="backend.tests.test_transfers_api.TestTransferRead" name="test_get_nonexistent_returns_404" time="1.091" /><testcase classname="backend.tests.test_transfers_api.TestTransferUpdate" name="test_amount_change_rebalances" time="18.959" /><testcase classname="backend.tests.test_transfers_api.TestTransferUpdate" name="test_change_from_account_rebalances" time="22.899" /><testcase classname="backend.tests.test_transfers_api.TestTransferDelete" name="test_delete_reverses_balances" time="15.539" /><testcase classname="backend.tests.test_transfers_api.TestDashboardTransferIsolation" name="test_transfer_not_in_income_expense_and_total_balance_conserved" time="18.086" /><testcase classname="backend.tests.test_transfers_api.TestIncomeExpenseNewFields" name="test_income_optional_fields_persist" time="7.312" /><testcase classname="backend.tests.test_transfers_api.TestIncomeExpenseNewFields" name="test_expense_optional_fields_persist" time="7.527" /></testsuite></testsuites>