<?xml version="1.0" encoding="utf-8"?><testsuites name="pytest tests"><testsuite name="pytest" errors="0" failures="0" skipped="0" tests="95" time="292.380" timestamp="2026-05-03T16:38:13.331571+00:00" hostname="agent-env-3389e5f7-8a97-4fb5-beee-72397ba91511"><testcase classname="backend.tests.test_fintracker_api.TestAuth" name="test_single_user_auth" time="0.409" /><testcase classname="backend.tests.test_fintracker_api.TestAuth" name="test_login_register_endpoints_exist" time="1.004" /><testcase classname="backend.tests.test_fintracker_api.TestAccounts" name="test_accounts_crud" time="6.198" /><testcase classname="backend.tests.test_fintracker_api.TestBalanceRegression" name="test_income_create_increases_balance" time="7.032" /><testcase classname="backend.tests.test_fintracker_api.TestBalanceRegression" name="test_expense_create_decreases_balance" time="6.984" /><testcase classname="backend.tests.test_fintracker_api.TestBalanceRegression" name="test_income_update_adjusts_balance" time="10.145" /><testcase classname="backend.tests.test_fintracker_api.TestBalanceRegression" name="test_income_delete_reverts_balance" time="7.857" /><testcase classname="backend.tests.test_fintracker_api.TestBalanceRegression" name="test_expense_update_and_delete_balance" time="11.106" /><testcase classname="backend.tests.test_fintracker_api.TestBills" name="test_bills_flow" time="4.379" /><testcase classname="backend.tests.test_fintracker_api.TestCreditCards" name="test_credit_cards_flow" time="3.222" /><testcase classname="backend.tests.test_fintracker_api.TestInvestments" name="test_investment_flow_with_roi" time="7.088" /><testcase classname="backend.tests.test_fintracker_api.TestRentalsLoans" name="test_rentals" time="2.919" /><testcase classname="backend.tests.test_fintracker_api.TestRentalsLoans" name="test_loans_lending" time="6.193" /><testcase classname="backend.tests.test_fintracker_api.TestBudgetsReminders" name="test_budgets_progress" time="3.495" /><testcase classname="backend.tests.test_fintracker_api.TestBudgetsReminders" name="test_reminders" time="2.930" /><testcase classname="backend.tests.test_fintracker_api.TestNotes" name="test_note_headings_and_notes" time="6.133" /><testcase classname="backend.tests.test_fintracker_api.TestDashboardEtc" name="test_dashboard" time="3.686" /><testcase classname="backend.tests.test_fintracker_api.TestDashboardEtc" name="test_net_worth" time="2.321" /><testcase classname="backend.tests.test_fintracker_api.TestDashboardEtc" name="test_analytics_cashflow" time="3.935" /><testcase classname="backend.tests.test_fintracker_api.TestDashboardEtc" name="test_settings" time="2.313" /><testcase classname="backend.tests.test_fintracker_api.TestFamilyMembers" name="test_family_members_crud" time="2.929" /><testcase classname="backend.tests.test_mpin_api.TestMpinSetupWeakRejection" name="test_weak_mpin_rejected[1111-all the same digit]" time="1.099" /><testcase classname="backend.tests.test_mpin_api.TestMpinSetupWeakRejection" name="test_weak_mpin_rejected[0000-all the same digit]" time="0.594" /><testcase classname="backend.tests.test_mpin_api.TestMpinSetupWeakRejection" name="test_weak_mpin_rejected[2222-all the same digit]" time="0.618" /><testcase classname="backend.tests.test_mpin_api.TestMpinSetupWeakRejection" name="test_weak_mpin_rejected[1234-simple sequence]" time="0.605" /><testcase classname="backend.tests.test_mpin_api.TestMpinSetupWeakRejection" name="test_weak_mpin_rejected[4321-simple descending sequence]" time="0.615" /><testcase classname="backend.tests.test_mpin_api.TestMpinSetupWeakRejection" name="test_weak_mpin_rejected[9876-simple descending sequence]" time="0.825" /><testcase classname="backend.tests.test_mpin_api.TestMpinSetupWeakRejection" name="test_weak_mpin_rejected[1212-repeating pattern]" time="0.606" /><testcase classname="backend.tests.test_mpin_api.TestMpinSetupWeakRejection" name="test_weak_mpin_rejected[4545-repeating pattern]" time="0.612" /><testcase classname="backend.tests.test_mpin_api.TestMpinSetupWeakRejection" name="test_weak_mpin_rejected[123456-simple sequence]" time="0.606" /><testcase classname="backend.tests.test_mpin_api.TestMpinSetupWeakRejection" name="test_weak_mpin_rejected[654321-simple descending sequence]" time="0.591" /><testcase classname="backend.tests.test_mpin_api.TestMpinSetupWeakRejection" name="test_common_mpin_rejected" time="0.612" /><testcase classname="backend.tests.test_mpin_api.TestMpinSetupFormat" name="test_non_digit_rejected[abc]" time="0.607" /><testcase classname="backend.tests.test_mpin_api.TestMpinSetupFormat" name="test_non_digit_rejected[12a4]" time="0.603" /><testcase classname="backend.tests.test_mpin_api.TestMpinSetupFormat" name="test_non_digit_rejected[12.4]" time="0.597" /><testcase classname="backend.tests.test_mpin_api.TestMpinSetupFormat" name="test_too_short_rejected" time="0.607" /><testcase classname="backend.tests.test_mpin_api.TestMpinSetupFormat" name="test_too_long_rejected" time="0.611" /><testcase classname="backend.tests.test_mpin_api.TestMpinSetupFormat" name="test_empty_rejected" time="0.605" /><testcase classname="backend.tests.test_mpin_api.TestMpinSetupSuccess" name="test_strong_4_digit_accepted" time="2.701" /><testcase classname="backend.tests.test_mpin_api.TestMpinSetupSuccess" name="test_strong_6_digit_accepted" time="1.967" /><testcase classname="backend.tests.test_mpin_api.TestMpinSetupSuccess" name="test_bcrypt_hash_in_db" time="3.698" /><testcase classname="backend.tests.test_mpin_api.TestMpinVerify" name="test_correct_mpin_returns_verified" time="4.469" /><testcase classname="backend.tests.test_mpin_api.TestMpinVerify" name="test_wrong_mpin_returns_401_with_remaining" time="3.890" /><testcase classname="backend.tests.test_mpin_api.TestMpinBruteForceLockout" name="test_5_wrong_attempts_then_429" time="14.605" /><testcase classname="backend.tests.test_mpin_api.TestMpinBruteForceLockout" name="test_setup_resets_rate_limit" time="10.313" /><testcase classname="backend.tests.test_mpin_api.TestMpinStatus" name="test_status_after_setup" time="3.097" /><testcase classname="backend.tests.test_mpin_api.TestMpinStatus" name="test_status_after_6_digit_setup" time="3.112" /><testcase classname="backend.tests.test_mpin_api.TestDismissPrompt" name="test_dismiss_prompt_persists" time="2.538" /><testcase classname="backend.tests.test_mpin_api.TestMpinDisable" name="test_disable_flips_flag" time="6.241" /><testcase classname="backend.tests.test_mpin_api.TestMpinAuth" name="test_setup_requires_auth" time="0.146" /><testcase classname="backend.tests.test_mpin_api.TestMpinAuth" name="test_verify_requires_auth" time="0.115" /><testcase classname="backend.tests.test_multirecord_and_deltas.TestMultiRecordPersistence" name="test_three_incomes_persist" time="8.255" /><testcase classname="backend.tests.test_multirecord_and_deltas.TestMultiRecordPersistence" name="test_three_expenses_persist" time="6.083" /><testcase classname="backend.tests.test_multirecord_and_deltas.TestMultiRecordPersistence" name="test_two_bills_persist" time="2.695" /><testcase classname="backend.tests.test_multirecord_and_deltas.TestMultiRecordPersistence" name="test_two_credit_cards_persist" time="2.696" /><testcase classname="backend.tests.test_multirecord_and_deltas.TestMultiRecordPersistence" name="test_two_loans_persist" time="2.684" /><testcase classname="backend.tests.test_multirecord_and_deltas.TestMultiRecordPersistence" name="test_two_investments_persist" time="2.681" /><testcase classname="backend.tests.test_multirecord_and_deltas.TestMultiRecordPersistence" name="test_two_reminders_persist" time="2.724" /><testcase classname="backend.tests.test_multirecord_and_deltas.TestMultiRecordPersistence" name="test_two_notes_persist" time="2.703" /><testcase classname="backend.tests.test_multirecord_and_deltas.TestMultiRecordPersistence" name="test_two_family_members_persist" time="2.682" /><testcase classname="backend.tests.test_multirecord_and_deltas.TestDashboardDeltas" name="test_full_delta_response" time="12.816" /><testcase classname="backend.tests.test_multirecord_and_deltas.TestDeltaEdgeCases" name="test_prev_zero_curr_positive_returns_100" time="7.657" /><testcase classname="backend.tests.test_multirecord_and_deltas.TestDeltaEdgeCases" name="test_both_zero_returns_zero" time="4.921" /><testcase classname="backend.tests.test_multirecord_and_deltas.TestSingleUserCollections" name="test_single_user_returns_same_user" time="0.794" /><testcase classname="backend.tests.test_multirecord_and_deltas.TestSingleUserCollections" name="test_settings_still_single_doc" time="4.446" /><testcase classname="backend.tests.test_recovery_api.TestRecoveryStatus" name="test_status_for_fresh_identifier" time="0.436" /><testcase classname="backend.tests.test_recovery_api.TestRecoveryStatus" name="test_status_after_attempts" time="3.432" /><testcase classname="backend.tests.test_recovery_api.TestPasswordEmailRecovery" name="test_no_enumeration_message_for_random_email" time="1.498" /><testcase classname="backend.tests.test_recovery_api.TestPasswordEmailRecovery" name="test_same_message_for_existing_user" time="1.508" /><testcase classname="backend.tests.test_recovery_api.TestPasswordEmailRecovery" name="test_rate_limit_5_attempts_then_429" time="9.342" /><testcase classname="backend.tests.test_recovery_api.TestPasswordEmailRecovery" name="test_email_validation" time="0.105" /><testcase classname="backend.tests.test_recovery_api.TestPhonePasswordReset" name="test_password_too_short_pydantic_422" time="0.107" /><testcase classname="backend.tests.test_recovery_api.TestPhonePasswordReset" name="test_password_weak_no_uppercase_or_digit_400" time="0.110" /><testcase classname="backend.tests.test_recovery_api.TestPhonePasswordReset" name="test_password_weak_no_digit_400" time="0.125" /><testcase classname="backend.tests.test_recovery_api.TestPhonePasswordReset" name="test_password_weak_no_uppercase_400" time="0.185" /><testcase classname="backend.tests.test_recovery_api.TestPhonePasswordReset" name="test_invalid_firebase_token_returns_401" time="0.107" /><testcase classname="backend.tests.test_recovery_api.TestEmailReveal" name="test_invalid_token_returns_401" time="0.105" /><testcase classname="backend.tests.test_recovery_api.TestEmailReveal" name="test_token_too_short_422" time="0.120" /><testcase classname="backend.tests.test_recovery_api.TestEmailMaskingFunction" name="test_mask_email_format" time="0.170" /><testcase classname="backend.tests.test_recovery_api.TestLegacyForgotReset" name="test_legacy_forgot_password_endpoint_responds" time="0.387" /><testcase classname="backend.tests.test_recovery_api.TestLegacyForgotReset" name="test_legacy_reset_password_endpoint_responds" time="0.377" /><testcase classname="backend.tests.test_recovery_api.TestBalanceRegressionSmoke" name="test_income_then_expense_balance_flow" time="12.061" /><testcase classname="backend.tests.test_snapshots_api.TestSnapshotAuth" name="test_capture_requires_auth" time="0.153" /><testcase classname="backend.tests.test_snapshots_api.TestSnapshotAuth" name="test_list_requires_auth" time="0.103" /><testcase classname="backend.tests.test_snapshots_api.TestSnapshotAuth" name="test_last_month_requires_auth" time="0.120" /><testcase classname="backend.tests.test_snapshots_api.TestSnapshotCapture" name="test_capture_returns_full_schema" time="4.105" /><testcase classname="backend.tests.test_snapshots_api.TestSnapshotCapture" name="test_three_captures_persist" time="6.926" /><testcase classname="backend.tests.test_snapshots_api.TestSnapshotCapture" name="test_networth_math_with_account_balance" time="1.995" /><testcase classname="backend.tests.test_snapshots_api.TestSnapshotList" name="test_list_returns_count_and_sorted_desc" time="0.889" /><testcase classname="backend.tests.test_snapshots_api.TestSnapshotList" name="test_filter_by_type_manual" time="0.904" /><testcase classname="backend.tests.test_snapshots_api.TestSnapshotList" name="test_filter_by_type_daily_safe" time="0.881" /><testcase classname="backend.tests.test_snapshots_api.TestLastMonthSnapshot" name="test_404_when_no_prior_month_snapshot" time="0.887" /><testcase classname="backend.tests.test_snapshots_api.TestLastMonthSnapshot" name="test_returns_injected_prior_month" time="1.186" /><testcase classname="backend.tests.test_snapshots_api.TestDashboardSnapshotBasis" name="test_basis_is_snapshot_when_prior_exists" time="4.539" /><testcase classname="backend.tests.test_snapshots_api.TestDashboardSnapshotBasis" name="test_basis_is_flow_approx_for_new_user" time="4.904" /></testsuite></testsuites>