<?xml version="1.0" encoding="utf-8"?><testsuites name="pytest tests"><testsuite name="pytest" errors="0" failures="0" skipped="14" tests="14" time="2.335" timestamp="2026-05-14T20:59:29.560601+00:00" hostname="agent-env-4ce7ec90-8b20-404d-adff-a5732b6be716"><testcase classname="backend.tests.test_income_module.TestIncomeCRUD" name="test_create_income_basic" time="2.249"><skipped type="pytest.skip" message="single-user auth failed: HTTP 500 :: Internal Server Error">/app/backend/tests/test_income_module.py:58: single-user auth failed: HTTP 500 :: Internal Server Error</skipped></testcase><testcase classname="backend.tests.test_income_module.TestIncomeCRUD" name="test_create_recurring_income_with_labels" time="0.000"><skipped type="pytest.skip" message="single-user auth failed: HTTP 500 :: Internal Server Error">/app/backend/tests/test_income_module.py:85: single-user auth failed: HTTP 500 :: Internal Server Error</skipped></testcase><testcase classname="backend.tests.test_income_module.TestIncomeCRUD" name="test_get_income_list" time="0.000"><skipped type="pytest.skip" message="single-user auth failed: HTTP 500 :: Internal Server Error">/app/backend/tests/test_income_module.py:102: single-user auth failed: HTTP 500 :: Internal Server Error</skipped></testcase><testcase classname="backend.tests.test_income_module.TestIncomeCRUD" name="test_get_income_by_month_year_filter" time="0.000"><skipped type="pytest.skip" message="single-user auth failed: HTTP 500 :: Internal Server Error">/app/backend/tests/test_income_module.py:111: single-user auth failed: HTTP 500 :: Internal Server Error</skipped></testcase><testcase classname="backend.tests.test_income_module.TestIncomeCRUD" name="test_get_income_by_date_range_filter" time="0.000"><skipped type="pytest.skip" message="single-user auth failed: HTTP 500 :: Internal Server Error">/app/backend/tests/test_income_module.py:121: single-user auth failed: HTTP 500 :: Internal Server Error</skipped></testcase><testcase classname="backend.tests.test_income_module.TestIncomeCRUD" name="test_get_income_by_id" time="0.000"><skipped type="pytest.skip" message="single-user auth failed: HTTP 500 :: Internal Server Error">/app/backend/tests/test_income_module.py:133: single-user auth failed: HTTP 500 :: Internal Server Error</skipped></testcase><testcase classname="backend.tests.test_income_module.TestIncomeCRUD" name="test_update_income" time="0.000"><skipped type="pytest.skip" message="single-user auth failed: HTTP 500 :: Internal Server Error">/app/backend/tests/test_income_module.py:140: single-user auth failed: HTTP 500 :: Internal Server Error</skipped></testcase><testcase classname="backend.tests.test_income_module.TestIncomeCRUD" name="test_delete_income_reverses_balance" time="0.000"><skipped type="pytest.skip" message="single-user auth failed: HTTP 500 :: Internal Server Error">/app/backend/tests/test_income_module.py:163: single-user auth failed: HTTP 500 :: Internal Server Error</skipped></testcase><testcase classname="backend.tests.test_income_module.TestIncomeBreakdown" name="test_income_breakdown_shape" time="0.000"><skipped type="pytest.skip" message="single-user auth failed: HTTP 500 :: Internal Server Error">/app/backend/tests/test_income_module.py:193: single-user auth failed: HTTP 500 :: Internal Server Error</skipped></testcase><testcase classname="backend.tests.test_income_module.TestIncomeBreakdown" name="test_income_breakdown_totals_match_sum" time="0.000"><skipped type="pytest.skip" message="single-user auth failed: HTTP 500 :: Internal Server Error">/app/backend/tests/test_income_module.py:211: single-user auth failed: HTTP 500 :: Internal Server Error</skipped></testcase><testcase classname="backend.tests.test_income_module.TestRecurringLabels" name="test_recurring_label_persists_and_returned" time="0.000"><skipped type="pytest.skip" message="single-user auth failed: HTTP 500 :: Internal Server Error">/app/backend/tests/test_income_module.py:226: single-user auth failed: HTTP 500 :: Internal Server Error</skipped></testcase><testcase classname="backend.tests.test_income_module.TestSupportingEndpoints" name="test_accounts_endpoint" time="0.000"><skipped type="pytest.skip" message="single-user auth failed: HTTP 500 :: Internal Server Error">/app/backend/tests/test_income_module.py:237: single-user auth failed: HTTP 500 :: Internal Server Error</skipped></testcase><testcase classname="backend.tests.test_income_module.TestSupportingEndpoints" name="test_family_members_endpoint" time="0.000"><skipped type="pytest.skip" message="single-user auth failed: HTTP 500 :: Internal Server Error">/app/backend/tests/test_income_module.py:242: single-user auth failed: HTTP 500 :: Internal Server Error</skipped></testcase><testcase classname="backend.tests.test_income_module" name="test_cleanup_test_income" time="0.000"><skipped type="pytest.skip" message="single-user auth failed: HTTP 500 :: Internal Server Error">/app/backend/tests/test_income_module.py:251: single-user auth failed: HTTP 500 :: Internal Server Error</skipped></testcase></testsuite></testsuites>