<?xml version="1.0" encoding="utf-8"?><testsuites name="pytest tests"><testsuite name="pytest" errors="0" failures="0" skipped="18" tests="18" time="1.952" timestamp="2026-05-14T20:04:13.104442+00:00" hostname="agent-env-4ce7ec90-8b20-404d-adff-a5732b6be716"><testcase classname="backend.tests.test_insights_v2_endpoints.TestFinancialSummary" name="test_200_and_shape[month]" time="1.872"><skipped type="pytest.skip" message="Auth failed (Firebase quota?): 500 Internal Server Error">/app/backend/tests/test_insights_v2_endpoints.py:43: Auth failed (Firebase quota?): 500 Internal Server Error</skipped></testcase><testcase classname="backend.tests.test_insights_v2_endpoints.TestFinancialSummary" name="test_200_and_shape[quarter]" time="0.000"><skipped type="pytest.skip" message="Auth failed (Firebase quota?): 500 Internal Server Error">/app/backend/tests/test_insights_v2_endpoints.py:43: Auth failed (Firebase quota?): 500 Internal Server Error</skipped></testcase><testcase classname="backend.tests.test_insights_v2_endpoints.TestFinancialSummary" name="test_200_and_shape[year]" time="0.000"><skipped type="pytest.skip" message="Auth failed (Firebase quota?): 500 Internal Server Error">/app/backend/tests/test_insights_v2_endpoints.py:43: Auth failed (Firebase quota?): 500 Internal Server Error</skipped></testcase><testcase classname="backend.tests.test_insights_v2_endpoints.TestCashflow" name="test_cashflow_shape[month]" time="0.000"><skipped type="pytest.skip" message="Auth failed (Firebase quota?): 500 Internal Server Error">/app/backend/tests/test_insights_v2_endpoints.py:61: Auth failed (Firebase quota?): 500 Internal Server Error</skipped></testcase><testcase classname="backend.tests.test_insights_v2_endpoints.TestCashflow" name="test_cashflow_shape[quarter]" time="0.000"><skipped type="pytest.skip" message="Auth failed (Firebase quota?): 500 Internal Server Error">/app/backend/tests/test_insights_v2_endpoints.py:61: Auth failed (Firebase quota?): 500 Internal Server Error</skipped></testcase><testcase classname="backend.tests.test_insights_v2_endpoints.TestCashflow" name="test_cashflow_shape[year]" time="0.000"><skipped type="pytest.skip" message="Auth failed (Firebase quota?): 500 Internal Server Error">/app/backend/tests/test_insights_v2_endpoints.py:61: Auth failed (Firebase quota?): 500 Internal Server Error</skipped></testcase><testcase classname="backend.tests.test_insights_v2_endpoints.TestCashflow" name="test_monthly_trend_6" time="0.000"><skipped type="pytest.skip" message="Auth failed (Firebase quota?): 500 Internal Server Error">/app/backend/tests/test_insights_v2_endpoints.py:76: Auth failed (Firebase quota?): 500 Internal Server Error</skipped></testcase><testcase classname="backend.tests.test_insights_v2_endpoints.TestSpending" name="test_spending_shape[month]" time="0.000"><skipped type="pytest.skip" message="Auth failed (Firebase quota?): 500 Internal Server Error">/app/backend/tests/test_insights_v2_endpoints.py:90: Auth failed (Firebase quota?): 500 Internal Server Error</skipped></testcase><testcase classname="backend.tests.test_insights_v2_endpoints.TestSpending" name="test_spending_shape[quarter]" time="0.000"><skipped type="pytest.skip" message="Auth failed (Firebase quota?): 500 Internal Server Error">/app/backend/tests/test_insights_v2_endpoints.py:90: Auth failed (Firebase quota?): 500 Internal Server Error</skipped></testcase><testcase classname="backend.tests.test_insights_v2_endpoints.TestSpending" name="test_spending_shape[year]" time="0.000"><skipped type="pytest.skip" message="Auth failed (Firebase quota?): 500 Internal Server Error">/app/backend/tests/test_insights_v2_endpoints.py:90: Auth failed (Firebase quota?): 500 Internal Server Error</skipped></testcase><testcase classname="backend.tests.test_insights_v2_endpoints.TestBudget" name="test_budget_shape[month]" time="0.000"><skipped type="pytest.skip" message="Auth failed (Firebase quota?): 500 Internal Server Error">/app/backend/tests/test_insights_v2_endpoints.py:110: Auth failed (Firebase quota?): 500 Internal Server Error</skipped></testcase><testcase classname="backend.tests.test_insights_v2_endpoints.TestBudget" name="test_budget_shape[quarter]" time="0.000"><skipped type="pytest.skip" message="Auth failed (Firebase quota?): 500 Internal Server Error">/app/backend/tests/test_insights_v2_endpoints.py:110: Auth failed (Firebase quota?): 500 Internal Server Error</skipped></testcase><testcase classname="backend.tests.test_insights_v2_endpoints.TestBudget" name="test_budget_shape[year]" time="0.000"><skipped type="pytest.skip" message="Auth failed (Firebase quota?): 500 Internal Server Error">/app/backend/tests/test_insights_v2_endpoints.py:110: Auth failed (Firebase quota?): 500 Internal Server Error</skipped></testcase><testcase classname="backend.tests.test_insights_v2_endpoints.TestTrends" name="test_trends_shape[month]" time="0.000"><skipped type="pytest.skip" message="Auth failed (Firebase quota?): 500 Internal Server Error">/app/backend/tests/test_insights_v2_endpoints.py:125: Auth failed (Firebase quota?): 500 Internal Server Error</skipped></testcase><testcase classname="backend.tests.test_insights_v2_endpoints.TestTrends" name="test_trends_shape[6m]" time="0.000"><skipped type="pytest.skip" message="Auth failed (Firebase quota?): 500 Internal Server Error">/app/backend/tests/test_insights_v2_endpoints.py:125: Auth failed (Firebase quota?): 500 Internal Server Error</skipped></testcase><testcase classname="backend.tests.test_insights_v2_endpoints.TestTrends" name="test_trends_shape[year]" time="0.000"><skipped type="pytest.skip" message="Auth failed (Firebase quota?): 500 Internal Server Error">/app/backend/tests/test_insights_v2_endpoints.py:125: Auth failed (Firebase quota?): 500 Internal Server Error</skipped></testcase><testcase classname="backend.tests.test_insights_v2_endpoints.TestCalendar" name="test_calendar_default" time="0.000"><skipped type="pytest.skip" message="Auth failed (Firebase quota?): 500 Internal Server Error">/app/backend/tests/test_insights_v2_endpoints.py:140: Auth failed (Firebase quota?): 500 Internal Server Error</skipped></testcase><testcase classname="backend.tests.test_insights_v2_endpoints.TestCalendar" name="test_calendar_with_params" time="0.000"><skipped type="pytest.skip" message="Auth failed (Firebase quota?): 500 Internal Server Error">/app/backend/tests/test_insights_v2_endpoints.py:151: Auth failed (Firebase quota?): 500 Internal Server Error</skipped></testcase></testsuite></testsuites>