<?xml version="1.0" encoding="utf-8"?><testsuites name="pytest tests"><testsuite name="pytest" errors="0" failures="0" skipped="0" tests="22" time="58.379" timestamp="2026-05-14T17:05:51.701189+00:00" hostname="agent-env-41679102-e845-479d-b394-f8e2eec5683e"><testcase classname="backend.tests.test_insights_analytics.TestInsightsOverview" name="test_overview_200" time="8.733" /><testcase classname="backend.tests.test_insights_analytics.TestInsightsOverview" name="test_overview_required_fields" time="3.389" /><testcase classname="backend.tests.test_insights_analytics.TestInsightsOverview" name="test_overview_income_structure" time="2.770" /><testcase classname="backend.tests.test_insights_analytics.TestInsightsOverview" name="test_overview_month_param" time="2.762" /><testcase classname="backend.tests.test_insights_analytics.TestInsightsOverview" name="test_overview_accounts_summary_is_list" time="2.726" /><testcase classname="backend.tests.test_insights_analytics.TestInsightsOverview" name="test_overview_quick_insights_is_list" time="5.783" /><testcase classname="backend.tests.test_insights_analytics.TestInsightsCalendar" name="test_calendar_200" time="3.333" /><testcase classname="backend.tests.test_insights_analytics.TestInsightsCalendar" name="test_calendar_required_fields" time="1.977" /><testcase classname="backend.tests.test_insights_analytics.TestInsightsCalendar" name="test_calendar_daily_data_is_dict" time="1.193" /><testcase classname="backend.tests.test_insights_analytics.TestInsightsCalendar" name="test_calendar_transactions_is_list" time="1.210" /><testcase classname="backend.tests.test_insights_analytics.TestInsightsCalendar" name="test_calendar_month_param" time="1.175" /><testcase classname="backend.tests.test_insights_analytics.TestCashflow" name="test_cashflow_200" time="4.006" /><testcase classname="backend.tests.test_insights_analytics.TestCashflow" name="test_cashflow_has_monthly_array" time="4.055" /><testcase classname="backend.tests.test_insights_analytics.TestCashflow" name="test_cashflow_monthly_fields" time="3.996" /><testcase classname="backend.tests.test_insights_analytics.TestCashflow" name="test_cashflow_summary" time="3.995" /><testcase classname="backend.tests.test_insights_analytics.TestExpenseBreakdown" name="test_expense_breakdown_200" time="0.914" /><testcase classname="backend.tests.test_insights_analytics.TestExpenseBreakdown" name="test_expense_breakdown_fields" time="0.893" /><testcase classname="backend.tests.test_insights_analytics.TestExpenseBreakdown" name="test_expense_breakdown_category_structure" time="0.896" /><testcase classname="backend.tests.test_insights_analytics.TestExpenseBreakdown" name="test_expense_breakdown_may_2026_has_groceries" time="0.890" /><testcase classname="backend.tests.test_insights_analytics.TestSpending" name="test_spending_200" time="1.239" /><testcase classname="backend.tests.test_insights_analytics.TestSpending" name="test_spending_has_budget_status" time="1.161" /><testcase classname="backend.tests.test_insights_analytics.TestSpending" name="test_spending_budget_status_structure" time="1.192" /></testsuite></testsuites>