<?xml version="1.0" encoding="utf-8"?><testsuites name="pytest tests"><testsuite name="pytest" errors="0" failures="0" skipped="0" tests="8" time="38.385" timestamp="2026-05-09T21:06:32.714095+00:00" hostname="agent-env-58f795a8-901f-4c6b-9d02-fa73b89785d3"><testcase classname="backend.tests.test_investments_api.TestDashboard" name="test_dashboard_shape_and_totals" time="2.159" /><testcase classname="backend.tests.test_investments_api.TestListFilter" name="test_list_all" time="1.154" /><testcase classname="backend.tests.test_investments_api.TestListFilter" name="test_filter_stocks" time="0.916" /><testcase classname="backend.tests.test_investments_api.TestDetail" name="test_detail_with_metrics_and_transactions" time="7.073" /><testcase classname="backend.tests.test_investments_api.TestDetail" name="test_detail_404_for_unknown" time="0.915" /><testcase classname="backend.tests.test_investments_api.TestCRUD" name="test_create_update_delete_flow" time="8.720" /><testcase classname="backend.tests.test_investments_api.TestTransactionsPersistence" name="test_add_multiple_transactions_no_overwrite" time="7.054" /><testcase classname="backend.tests.test_investments_api.TestTransactionsPersistence" name="test_seed_transactions_present" time="10.309" /></testsuite></testsuites>