<?xml version="1.0" encoding="utf-8"?><testsuites name="pytest tests"><testsuite name="pytest" errors="0" failures="0" skipped="0" tests="11" time="18.641" timestamp="2026-05-13T18:28:13.857981+00:00" hostname="agent-env-a1bcb83e-890c-49f2-9b97-cb407620d3fb"><testcase classname="backend.tests.test_loans_api.TestLoansDashboard" name="test_dashboard_returns_200" time="2.203" /><testcase classname="backend.tests.test_loans_api.TestLoansDashboard" name="test_dashboard_has_required_fields" time="2.978" /><testcase classname="backend.tests.test_loans_api.TestLoansCreate" name="test_create_loan_returns_200" time="1.637" /><testcase classname="backend.tests.test_loans_api.TestLoansCreate" name="test_list_loans_returns_created" time="1.248" /><testcase classname="backend.tests.test_loans_api.TestLoansCreate" name="test_get_loan_by_id" time="0.992" /><testcase classname="backend.tests.test_loans_api.TestLoansPrepayment" name="test_prepayment_reduce_tenure" time="1.880" /><testcase classname="backend.tests.test_loans_api.TestLoansPrepayment" name="test_prepayment_reduce_emi" time="1.962" /><testcase classname="backend.tests.test_loans_api.TestLoansTransactions" name="test_mark_emi_paid" time="1.266" /><testcase classname="backend.tests.test_loans_api.TestLoansTransactions" name="test_get_transactions" time="1.591" /><testcase classname="backend.tests.test_loans_api.TestLoansDelete" name="test_delete_loan" time="1.606" /><testcase classname="backend.tests.test_loans_api.TestLoansDelete" name="test_deleted_loan_not_in_list" time="0.999" /></testsuite></testsuites>