<?xml version="1.0" encoding="utf-8"?><testsuites name="pytest tests"><testsuite name="pytest" errors="3" failures="7" skipped="0" tests="91" time="244.123" timestamp="2026-05-12T19:08:12.673096+00:00" hostname="agent-env-4530b668-2fee-4cb1-b0ad-c5e919aa9118"><testcase classname="backend.tests.test_mpin_api.TestMpinSetupWeakRejection" name="test_weak_mpin_rejected[1111-all the same digit]" time="1.246" /><testcase classname="backend.tests.test_mpin_api.TestMpinSetupWeakRejection" name="test_weak_mpin_rejected[0000-all the same digit]" time="0.628" /><testcase classname="backend.tests.test_mpin_api.TestMpinSetupWeakRejection" name="test_weak_mpin_rejected[2222-all the same digit]" time="0.623" /><testcase classname="backend.tests.test_mpin_api.TestMpinSetupWeakRejection" name="test_weak_mpin_rejected[1234-simple sequence]" time="0.639" /><testcase classname="backend.tests.test_mpin_api.TestMpinSetupWeakRejection" name="test_weak_mpin_rejected[4321-simple descending sequence]" time="0.621" /><testcase classname="backend.tests.test_mpin_api.TestMpinSetupWeakRejection" name="test_weak_mpin_rejected[9876-simple descending sequence]" time="0.631" /><testcase classname="backend.tests.test_mpin_api.TestMpinSetupWeakRejection" name="test_weak_mpin_rejected[1212-repeating pattern]" time="0.629" /><testcase classname="backend.tests.test_mpin_api.TestMpinSetupWeakRejection" name="test_weak_mpin_rejected[4545-repeating pattern]" time="0.618" /><testcase classname="backend.tests.test_mpin_api.TestMpinSetupWeakRejection" name="test_weak_mpin_rejected[123456-simple sequence]" time="0.621" /><testcase classname="backend.tests.test_mpin_api.TestMpinSetupWeakRejection" name="test_weak_mpin_rejected[654321-simple descending sequence]" time="0.634" /><testcase classname="backend.tests.test_mpin_api.TestMpinSetupWeakRejection" name="test_common_mpin_rejected" time="0.626" /><testcase classname="backend.tests.test_mpin_api.TestMpinSetupFormat" name="test_non_digit_rejected[abc]" time="0.624" /><testcase classname="backend.tests.test_mpin_api.TestMpinSetupFormat" name="test_non_digit_rejected[12a4]" time="0.645" /><testcase classname="backend.tests.test_mpin_api.TestMpinSetupFormat" name="test_non_digit_rejected[12.4]" time="0.630" /><testcase classname="backend.tests.test_mpin_api.TestMpinSetupFormat" name="test_too_short_rejected" time="0.624" /><testcase classname="backend.tests.test_mpin_api.TestMpinSetupFormat" name="test_too_long_rejected" time="0.617" /><testcase classname="backend.tests.test_mpin_api.TestMpinSetupFormat" name="test_empty_rejected" time="0.620" /><testcase classname="backend.tests.test_mpin_api.TestMpinSetupSuccess" name="test_strong_4_digit_accepted" time="2.806" /><testcase classname="backend.tests.test_mpin_api.TestMpinSetupSuccess" name="test_strong_6_digit_accepted" time="2.006" /><testcase classname="backend.tests.test_mpin_api.TestMpinSetupSuccess" name="test_bcrypt_hash_in_db" time="3.966" /><testcase classname="backend.tests.test_mpin_api.TestMpinVerify" name="test_correct_mpin_returns_verified" time="6.280" /><testcase classname="backend.tests.test_mpin_api.TestMpinVerify" name="test_wrong_mpin_returns_401_with_remaining" time="4.030" /><testcase classname="backend.tests.test_mpin_api.TestMpinBruteForceLockout" name="test_5_wrong_attempts_then_429" time="14.775" /><testcase classname="backend.tests.test_mpin_api.TestMpinBruteForceLockout" name="test_setup_resets_rate_limit" time="10.384" /><testcase classname="backend.tests.test_mpin_api.TestMpinStatus" name="test_status_after_setup" time="3.153" /><testcase classname="backend.tests.test_mpin_api.TestMpinStatus" name="test_status_after_6_digit_setup" time="3.172" /><testcase classname="backend.tests.test_mpin_api.TestDismissPrompt" name="test_dismiss_prompt_persists" time="2.416" /><testcase classname="backend.tests.test_mpin_api.TestMpinDisable" name="test_disable_flips_flag" time="6.343" /><testcase classname="backend.tests.test_mpin_api.TestMpinAuth" name="test_setup_requires_auth" time="0.254" /><testcase classname="backend.tests.test_mpin_api.TestMpinAuth" name="test_verify_requires_auth" time="0.155" /><testcase classname="backend.tests.test_recovery_api.TestRecoveryStatus" name="test_status_for_fresh_identifier" time="0.425" /><testcase classname="backend.tests.test_recovery_api.TestRecoveryStatus" name="test_status_after_attempts" time="3.615" /><testcase classname="backend.tests.test_recovery_api.TestPasswordEmailRecovery" name="test_no_enumeration_message_for_random_email" time="1.566" /><testcase classname="backend.tests.test_recovery_api.TestPasswordEmailRecovery" name="test_same_message_for_existing_user" time="1.595" /><testcase classname="backend.tests.test_recovery_api.TestPasswordEmailRecovery" name="test_rate_limit_5_attempts_then_429" time="9.634" /><testcase classname="backend.tests.test_recovery_api.TestPasswordEmailRecovery" name="test_email_validation" time="0.162" /><testcase classname="backend.tests.test_recovery_api.TestPhonePasswordReset" name="test_password_too_short_pydantic_422" time="0.228" /><testcase classname="backend.tests.test_recovery_api.TestPhonePasswordReset" name="test_password_weak_no_uppercase_or_digit_400" time="0.159" /><testcase classname="backend.tests.test_recovery_api.TestPhonePasswordReset" name="test_password_weak_no_digit_400" time="0.143" /><testcase classname="backend.tests.test_recovery_api.TestPhonePasswordReset" name="test_password_weak_no_uppercase_400" time="0.177" /><testcase classname="backend.tests.test_recovery_api.TestPhonePasswordReset" name="test_invalid_firebase_token_returns_401" time="0.162" /><testcase classname="backend.tests.test_recovery_api.TestEmailReveal" name="test_invalid_token_returns_401" time="0.180" /><testcase classname="backend.tests.test_recovery_api.TestEmailReveal" name="test_token_too_short_422" time="0.151" /><testcase classname="backend.tests.test_recovery_api.TestEmailMaskingFunction" name="test_mask_email_format" time="0.218" /><testcase classname="backend.tests.test_recovery_api.TestLegacyForgotReset" name="test_legacy_forgot_password_endpoint_responds" time="0.416" /><testcase classname="backend.tests.test_recovery_api.TestLegacyForgotReset" name="test_legacy_reset_password_endpoint_responds" time="0.464" /><testcase classname="backend.tests.test_recovery_api.TestBalanceRegressionSmoke" name="test_income_then_expense_balance_flow" time="1.136"><failure message="assert 422 == 200&#10; +  where 422 = &lt;Response [422]&gt;.status_code">E   assert 422 == 200
     +  where 422 = &lt;Response [422]&gt;.status_code</failure></testcase><testcase classname="backend.tests.test_multirecord_and_deltas.TestMultiRecordPersistence" name="test_three_incomes_persist" time="1.908"><error message="failed on setup with &quot;AssertionError: acct create: 422 {&quot;detail&quot;:&quot;Bank account requires account_holder_name, account_number, and ifsc_code&quot;}&#10;assert 422 in (200, 201)&#10; +  where 422 = &lt;Response [422]&gt;.status_code&quot;">E   AssertionError: acct create: 422 {"detail":"Bank account requires account_holder_name, account_number, and ifsc_code"}
    assert 422 in (200, 201)
     +  where 422 = &lt;Response [422]&gt;.status_code</error></testcase><testcase classname="backend.tests.test_multirecord_and_deltas.TestMultiRecordPersistence" name="test_three_expenses_persist" time="0.000"><error message="failed on setup with &quot;AssertionError: acct create: 422 {&quot;detail&quot;:&quot;Bank account requires account_holder_name, account_number, and ifsc_code&quot;}&#10;assert 422 in (200, 201)&#10; +  where 422 = &lt;Response [422]&gt;.status_code&quot;">E   AssertionError: acct create: 422 {"detail":"Bank account requires account_holder_name, account_number, and ifsc_code"}
    assert 422 in (200, 201)
     +  where 422 = &lt;Response [422]&gt;.status_code</error></testcase><testcase classname="backend.tests.test_multirecord_and_deltas.TestMultiRecordPersistence" name="test_two_bills_persist" time="2.745" /><testcase classname="backend.tests.test_multirecord_and_deltas.TestMultiRecordPersistence" name="test_two_credit_cards_persist" time="2.954" /><testcase classname="backend.tests.test_multirecord_and_deltas.TestMultiRecordPersistence" name="test_two_loans_persist" time="2.763" /><testcase classname="backend.tests.test_multirecord_and_deltas.TestMultiRecordPersistence" name="test_two_investments_persist" time="2.793" /><testcase classname="backend.tests.test_multirecord_and_deltas.TestMultiRecordPersistence" name="test_two_reminders_persist" time="2.738" /><testcase classname="backend.tests.test_multirecord_and_deltas.TestMultiRecordPersistence" name="test_two_notes_persist" time="2.757" /><testcase classname="backend.tests.test_multirecord_and_deltas.TestMultiRecordPersistence" name="test_two_family_members_persist" time="2.812" /><testcase classname="backend.tests.test_multirecord_and_deltas.TestDashboardDeltas" name="test_full_delta_response" time="2.037"><error message="failed on setup with &quot;AssertionError: {&quot;detail&quot;:&quot;Bank account requires account_holder_name, account_number, and ifsc_code&quot;}&#10;assert 422 in (200, 201)&#10; +  where 422 = &lt;Response [422]&gt;.status_code&quot;">E   AssertionError: {"detail":"Bank account requires account_holder_name, account_number, and ifsc_code"}
    assert 422 in (200, 201)
     +  where 422 = &lt;Response [422]&gt;.status_code</error></testcase><testcase classname="backend.tests.test_multirecord_and_deltas.TestDeltaEdgeCases" name="test_prev_zero_curr_positive_returns_100" time="1.916"><failure message="KeyError: 'account_id'">E   KeyError: 'account_id'</failure></testcase><testcase classname="backend.tests.test_multirecord_and_deltas.TestDeltaEdgeCases" name="test_both_zero_returns_zero" time="5.031" /><testcase classname="backend.tests.test_multirecord_and_deltas.TestSingleUserCollections" name="test_single_user_returns_same_user" time="0.840" /><testcase classname="backend.tests.test_multirecord_and_deltas.TestSingleUserCollections" name="test_settings_still_single_doc" time="4.590" /><testcase classname="backend.tests.test_uploads_and_labels.TestUploadAttachment" name="test_upload_png_success" time="1.379" /><testcase classname="backend.tests.test_uploads_and_labels.TestUploadAttachment" name="test_upload_rejects_non_image" time="0.638" /><testcase classname="backend.tests.test_uploads_and_labels.TestUploadAttachment" name="test_upload_rejects_empty" time="0.618" /><testcase classname="backend.tests.test_uploads_and_labels.TestUploadAttachment" name="test_upload_rejects_too_large" time="1.176" /><testcase classname="backend.tests.test_uploads_and_labels.TestLabels" name="test_labels_reflect_recent_expense" time="0.622"><failure message="AssertionError: {&quot;detail&quot;:&quot;Bank account requires account_holder_name, account_number, and ifsc_code&quot;}&#10;assert 422 == 200&#10; +  where 422 = &lt;Response [422]&gt;.status_code">E   AssertionError: {"detail":"Bank account requires account_holder_name, account_number, and ifsc_code"}
    assert 422 == 200
     +  where 422 = &lt;Response [422]&gt;.status_code</failure></testcase><testcase classname="backend.tests.test_uploads_and_labels.TestTransferOptionalFields" name="test_transfer_with_new_fields_round_trip" time="0.621"><failure message="AssertionError: {&quot;detail&quot;:&quot;Bank account requires account_holder_name, account_number, and ifsc_code&quot;}&#10;assert 422 == 200&#10; +  where 422 = &lt;Response [422]&gt;.status_code">E   AssertionError: {"detail":"Bank account requires account_holder_name, account_number, and ifsc_code"}
    assert 422 == 200
     +  where 422 = &lt;Response [422]&gt;.status_code</failure></testcase><testcase classname="backend.tests.test_uploads_and_labels.TestBackwardCompat" name="test_expense_without_new_fields" time="0.635"><failure message="AssertionError: {&quot;detail&quot;:&quot;Bank account requires account_holder_name, account_number, and ifsc_code&quot;}&#10;assert 422 == 200&#10; +  where 422 = &lt;Response [422]&gt;.status_code">E   AssertionError: {"detail":"Bank account requires account_holder_name, account_number, and ifsc_code"}
    assert 422 == 200
     +  where 422 = &lt;Response [422]&gt;.status_code</failure></testcase><testcase classname="backend.tests.test_uploads_and_labels.TestBackwardCompat" name="test_income_without_new_fields" time="0.611"><failure message="AssertionError: {&quot;detail&quot;:&quot;Bank account requires account_holder_name, account_number, and ifsc_code&quot;}&#10;assert 422 == 200&#10; +  where 422 = &lt;Response [422]&gt;.status_code">E   AssertionError: {"detail":"Bank account requires account_holder_name, account_number, and ifsc_code"}
    assert 422 == 200
     +  where 422 = &lt;Response [422]&gt;.status_code</failure></testcase><testcase classname="backend.tests.test_uploads_and_labels.TestBackwardCompat" name="test_transfer_without_new_fields" time="0.647"><failure message="AssertionError: {&quot;detail&quot;:&quot;Bank account requires account_holder_name, account_number, and ifsc_code&quot;}&#10;assert 422 == 200&#10; +  where 422 = &lt;Response [422]&gt;.status_code">E   AssertionError: {"detail":"Bank account requires account_holder_name, account_number, and ifsc_code"}
    assert 422 == 200
     +  where 422 = &lt;Response [422]&gt;.status_code</failure></testcase><testcase classname="backend.tests.test_fintracker_api.TestAuth" name="test_single_user_auth" time="0.455" /><testcase classname="backend.tests.test_fintracker_api.TestAuth" name="test_login_register_endpoints_exist" time="1.084" /><testcase classname="backend.tests.test_fintracker_api.TestAccounts" name="test_accounts_crud" time="6.434" /><testcase classname="backend.tests.test_fintracker_api.TestBalanceRegression" name="test_income_create_increases_balance" time="8.456" /><testcase classname="backend.tests.test_fintracker_api.TestBalanceRegression" name="test_expense_create_decreases_balance" time="7.363" /><testcase classname="backend.tests.test_fintracker_api.TestBalanceRegression" name="test_income_update_adjusts_balance" time="10.503" /><testcase classname="backend.tests.test_fintracker_api.TestBalanceRegression" name="test_income_delete_reverts_balance" time="8.443" /><testcase classname="backend.tests.test_fintracker_api.TestBalanceRegression" name="test_expense_update_and_delete_balance" time="11.351" /><testcase classname="backend.tests.test_fintracker_api.TestBills" name="test_bills_flow" time="4.475" /><testcase classname="backend.tests.test_fintracker_api.TestCreditCards" name="test_credit_cards_flow" time="3.313" /><testcase classname="backend.tests.test_fintracker_api.TestInvestments" name="test_investment_flow_with_roi" time="8.489" /><testcase classname="backend.tests.test_fintracker_api.TestRentalsLoans" name="test_rentals" time="3.009" /><testcase classname="backend.tests.test_fintracker_api.TestRentalsLoans" name="test_loans_lending" time="6.283" /><testcase classname="backend.tests.test_fintracker_api.TestBudgetsReminders" name="test_budgets_progress" time="3.563" /><testcase classname="backend.tests.test_fintracker_api.TestBudgetsReminders" name="test_reminders" time="2.997" /><testcase classname="backend.tests.test_fintracker_api.TestNotes" name="test_note_headings_and_notes" time="6.246" /><testcase classname="backend.tests.test_fintracker_api.TestDashboardEtc" name="test_dashboard" time="4.268" /><testcase classname="backend.tests.test_fintracker_api.TestDashboardEtc" name="test_net_worth" time="2.973" /><testcase classname="backend.tests.test_fintracker_api.TestDashboardEtc" name="test_analytics_cashflow" time="3.984" /><testcase classname="backend.tests.test_fintracker_api.TestDashboardEtc" name="test_settings" time="2.353" /><testcase classname="backend.tests.test_fintracker_api.TestFamilyMembers" name="test_family_members_crud" time="3.009" /></testsuite></testsuites>