<?xml version="1.0" encoding="utf-8"?><testsuites name="pytest tests"><testsuite name="pytest" errors="1" failures="10" skipped="0" tests="40" time="149.852" timestamp="2026-05-12T19:12:59.768083+00:00" hostname="agent-env-4530b668-2fee-4cb1-b0ad-c5e919aa9118"><testcase classname="backend.tests.test_multirecord_and_deltas.TestMultiRecordPersistence" name="test_three_incomes_persist" time="20.898" /><testcase classname="backend.tests.test_multirecord_and_deltas.TestMultiRecordPersistence" name="test_three_expenses_persist" time="6.233" /><testcase classname="backend.tests.test_multirecord_and_deltas.TestMultiRecordPersistence" name="test_two_bills_persist" time="2.781" /><testcase classname="backend.tests.test_multirecord_and_deltas.TestMultiRecordPersistence" name="test_two_credit_cards_persist" time="2.765" /><testcase classname="backend.tests.test_multirecord_and_deltas.TestMultiRecordPersistence" name="test_two_loans_persist" time="2.762" /><testcase classname="backend.tests.test_multirecord_and_deltas.TestMultiRecordPersistence" name="test_two_investments_persist" time="2.744" /><testcase classname="backend.tests.test_multirecord_and_deltas.TestMultiRecordPersistence" name="test_two_reminders_persist" time="2.762" /><testcase classname="backend.tests.test_multirecord_and_deltas.TestMultiRecordPersistence" name="test_two_notes_persist" time="2.778" /><testcase classname="backend.tests.test_multirecord_and_deltas.TestMultiRecordPersistence" name="test_two_family_members_persist" time="2.746" /><testcase classname="backend.tests.test_multirecord_and_deltas.TestDashboardDeltas" name="test_full_delta_response" time="12.992" /><testcase classname="backend.tests.test_multirecord_and_deltas.TestDeltaEdgeCases" name="test_prev_zero_curr_positive_returns_100" time="7.866" /><testcase classname="backend.tests.test_multirecord_and_deltas.TestDeltaEdgeCases" name="test_both_zero_returns_zero" time="5.044" /><testcase classname="backend.tests.test_multirecord_and_deltas.TestSingleUserCollections" name="test_single_user_returns_same_user" time="0.872" /><testcase classname="backend.tests.test_multirecord_and_deltas.TestSingleUserCollections" name="test_settings_still_single_doc" time="4.585" /><testcase classname="backend.tests.test_uploads_and_labels.TestUploadAttachment" name="test_upload_png_success" time="1.377" /><testcase classname="backend.tests.test_uploads_and_labels.TestUploadAttachment" name="test_upload_rejects_non_image" time="0.635" /><testcase classname="backend.tests.test_uploads_and_labels.TestUploadAttachment" name="test_upload_rejects_empty" time="0.633" /><testcase classname="backend.tests.test_uploads_and_labels.TestUploadAttachment" name="test_upload_rejects_too_large" time="1.220" /><testcase classname="backend.tests.test_uploads_and_labels.TestLabels" name="test_labels_reflect_recent_expense" time="9.362" /><testcase classname="backend.tests.test_uploads_and_labels.TestTransferOptionalFields" name="test_transfer_with_new_fields_round_trip" time="0.345"><failure message="AssertionError: Internal Server Error&#10;assert 500 == 200&#10; +  where 500 = &lt;Response [500]&gt;.status_code">E   AssertionError: Internal Server Error
    assert 500 == 200
     +  where 500 = &lt;Response [500]&gt;.status_code</failure></testcase><testcase classname="backend.tests.test_uploads_and_labels.TestBackwardCompat" name="test_expense_without_new_fields" time="0.638"><failure message="AssertionError: Internal Server Error&#10;assert 500 == 200&#10; +  where 500 = &lt;Response [500]&gt;.status_code">E   AssertionError: Internal Server Error
    assert 500 == 200
     +  where 500 = &lt;Response [500]&gt;.status_code</failure></testcase><testcase classname="backend.tests.test_uploads_and_labels.TestBackwardCompat" name="test_income_without_new_fields" time="0.371"><failure message="AssertionError: Internal Server Error&#10;assert 500 == 200&#10; +  where 500 = &lt;Response [500]&gt;.status_code">E   AssertionError: Internal Server Error
    assert 500 == 200
     +  where 500 = &lt;Response [500]&gt;.status_code</failure></testcase><testcase classname="backend.tests.test_uploads_and_labels.TestBackwardCompat" name="test_transfer_without_new_fields" time="0.349"><failure message="AssertionError: Internal Server Error&#10;assert 500 == 200&#10; +  where 500 = &lt;Response [500]&gt;.status_code">E   AssertionError: Internal Server Error
    assert 500 == 200
     +  where 500 = &lt;Response [500]&gt;.status_code</failure></testcase><testcase classname="backend.tests.test_recovery_api.TestRecoveryStatus" name="test_status_for_fresh_identifier" time="30.616" /><testcase classname="backend.tests.test_recovery_api.TestRecoveryStatus" name="test_status_after_attempts" time="21.118"><failure message="AssertionError: expected remaining=3 after 2 attempts, got {'blocked': False, 'remaining': 5, 'blocked_until': None}&#10;assert 5 == 3">E   AssertionError: expected remaining=3 after 2 attempts, got {'blocked': False, 'remaining': 5, 'blocked_until': None}
    assert 5 == 3</failure></testcase><testcase classname="backend.tests.test_recovery_api.TestPasswordEmailRecovery" name="test_no_enumeration_message_for_random_email" time="0.423"><failure message="AssertionError: Internal Server Error&#10;assert 500 == 200&#10; +  where 500 = &lt;Response [500]&gt;.status_code">E   AssertionError: Internal Server Error
    assert 500 == 200
     +  where 500 = &lt;Response [500]&gt;.status_code</failure></testcase><testcase classname="backend.tests.test_recovery_api.TestPasswordEmailRecovery" name="test_same_message_for_existing_user" time="0.435"><failure message="AssertionError: Internal Server Error&#10;assert 500 == 200&#10; +  where 500 = &lt;Response [500]&gt;.status_code">E   AssertionError: Internal Server Error
    assert 500 == 200
     +  where 500 = &lt;Response [500]&gt;.status_code</failure></testcase><testcase classname="backend.tests.test_recovery_api.TestPasswordEmailRecovery" name="test_rate_limit_5_attempts_then_429" time="1.289"><failure message="AssertionError: attempt 1 got 500: Internal Server Error&#10;assert 500 == 200&#10; +  where 500 = &lt;Response [500]&gt;.status_code">E   AssertionError: attempt 1 got 500: Internal Server Error
    assert 500 == 200
     +  where 500 = &lt;Response [500]&gt;.status_code</failure></testcase><testcase classname="backend.tests.test_recovery_api.TestPasswordEmailRecovery" name="test_email_validation" time="0.158" /><testcase classname="backend.tests.test_recovery_api.TestPhonePasswordReset" name="test_password_too_short_pydantic_422" time="0.151" /><testcase classname="backend.tests.test_recovery_api.TestPhonePasswordReset" name="test_password_weak_no_uppercase_or_digit_400" time="0.135" /><testcase classname="backend.tests.test_recovery_api.TestPhonePasswordReset" name="test_password_weak_no_digit_400" time="0.144" /><testcase classname="backend.tests.test_recovery_api.TestPhonePasswordReset" name="test_password_weak_no_uppercase_400" time="0.174" /><testcase classname="backend.tests.test_recovery_api.TestPhonePasswordReset" name="test_invalid_firebase_token_returns_401" time="0.154" /><testcase classname="backend.tests.test_recovery_api.TestEmailReveal" name="test_invalid_token_returns_401" time="0.168" /><testcase classname="backend.tests.test_recovery_api.TestEmailReveal" name="test_token_too_short_422" time="0.164" /><testcase classname="backend.tests.test_recovery_api.TestEmailMaskingFunction" name="test_mask_email_format" time="0.453" /><testcase classname="backend.tests.test_recovery_api.TestLegacyForgotReset" name="test_legacy_forgot_password_endpoint_responds" time="0.469"><failure message="AssertionError: legacy forgot-password broken: 500 Internal Server Error&#10;assert 500 in (200, 400, 404)&#10; +  where 500 = &lt;Response [500]&gt;.status_code">E   AssertionError: legacy forgot-password broken: 500 Internal Server Error
    assert 500 in (200, 400, 404)
     +  where 500 = &lt;Response [500]&gt;.status_code</failure></testcase><testcase classname="backend.tests.test_recovery_api.TestLegacyForgotReset" name="test_legacy_reset_password_endpoint_responds" time="0.450"><failure message="AssertionError: legacy reset-password broken: 500 Internal Server Error&#10;assert 500 in (400, 401, 404, 422)&#10; +  where 500 = &lt;Response [500]&gt;.status_code">E   AssertionError: legacy reset-password broken: 500 Internal Server Error
    assert 500 in (400, 401, 404, 422)
     +  where 500 = &lt;Response [500]&gt;.status_code</failure></testcase><testcase classname="backend.tests.test_recovery_api.TestBalanceRegressionSmoke" name="test_income_then_expense_balance_flow" time="0.444"><error message="failed on setup with &quot;assert 500 == 200&#10; +  where 500 = &lt;Response [500]&gt;.status_code&quot;">E   assert 500 == 200
     +  where 500 = &lt;Response [500]&gt;.status_code</error></testcase></testsuite></testsuites>