<?xml version="1.0" encoding="utf-8"?><testsuites name="pytest tests"><testsuite name="pytest" errors="0" failures="0" skipped="0" tests="6" time="37.589" timestamp="2026-05-12T19:01:00.757477+00:00" hostname="agent-env-4530b668-2fee-4cb1-b0ad-c5e919aa9118"><testcase classname="backend.tests.test_reminder_advanced" name="test_reminder_structured_rule_round_trip" time="4.180" /><testcase classname="backend.tests.test_reminder_advanced" name="test_complete_recurring_advances_date" time="4.664" /><testcase classname="backend.tests.test_reminder_advanced" name="test_snooze_postpones_reminder" time="4.627" /><testcase classname="backend.tests.test_reminder_advanced" name="test_max_occurrences_caps_cycle" time="6.510" /><testcase classname="backend.tests.test_reminder_state_transitions" name="test_upcoming_to_completed_and_back" time="8.487" /><testcase classname="backend.tests.test_reminder_state_transitions" name="test_listing_filters_complete_correctly" time="9.059" /></testsuite></testsuites>