<?xml version="1.0" encoding="utf-8"?><testsuites name="pytest tests"><testsuite name="pytest" errors="0" failures="0" skipped="0" tests="27" time="207.757" timestamp="2026-05-12T19:04:37.912043+00:00" hostname="agent-env-4530b668-2fee-4cb1-b0ad-c5e919aa9118"><testcase classname="backend.tests.test_transfers_api.TestTransferCreate" name="test_happy_path" time="26.926" /><testcase classname="backend.tests.test_transfers_api.TestTransferCreate" name="test_amount_zero_rejected" time="5.187" /><testcase classname="backend.tests.test_transfers_api.TestTransferCreate" name="test_negative_amount_rejected" time="5.154" /><testcase classname="backend.tests.test_transfers_api.TestTransferCreate" name="test_from_equals_to_rejected" time="5.728" /><testcase classname="backend.tests.test_transfers_api.TestTransferCreate" name="test_missing_account_ids_rejected" time="0.090" /><testcase classname="backend.tests.test_transfers_api.TestTransferCreate" name="test_account_not_owned_rejected" time="6.496" /><testcase classname="backend.tests.test_transfers_api.TestTransferRead" name="test_list_and_get_one" time="22.822" /><testcase classname="backend.tests.test_transfers_api.TestTransferRead" name="test_get_nonexistent_returns_404" time="0.915" /><testcase classname="backend.tests.test_transfers_api.TestTransferUpdate" name="test_amount_change_rebalances" time="21.247" /><testcase classname="backend.tests.test_transfers_api.TestTransferUpdate" name="test_change_from_account_rebalances" time="28.101" /><testcase classname="backend.tests.test_transfers_api.TestTransferDelete" name="test_delete_reverses_balances" time="18.287" /><testcase classname="backend.tests.test_transfers_api.TestDashboardTransferIsolation" name="test_transfer_not_in_income_expense_and_total_balance_conserved" time="19.804" /><testcase classname="backend.tests.test_transfers_api.TestIncomeExpenseNewFields" name="test_income_optional_fields_persist" time="8.047" /><testcase classname="backend.tests.test_transfers_api.TestIncomeExpenseNewFields" name="test_expense_optional_fields_persist" time="8.413" /><testcase classname="backend.tests.test_snapshots_api.TestSnapshotAuth" name="test_capture_requires_auth" time="0.308" /><testcase classname="backend.tests.test_snapshots_api.TestSnapshotAuth" name="test_list_requires_auth" time="0.161" /><testcase classname="backend.tests.test_snapshots_api.TestSnapshotAuth" name="test_last_month_requires_auth" time="0.226" /><testcase classname="backend.tests.test_snapshots_api.TestSnapshotCapture" name="test_capture_returns_full_schema" time="4.314" /><testcase classname="backend.tests.test_snapshots_api.TestSnapshotCapture" name="test_three_captures_persist" time="7.039" /><testcase classname="backend.tests.test_snapshots_api.TestSnapshotCapture" name="test_networth_math_with_account_balance" time="2.044" /><testcase classname="backend.tests.test_snapshots_api.TestSnapshotList" name="test_list_returns_count_and_sorted_desc" time="0.911" /><testcase classname="backend.tests.test_snapshots_api.TestSnapshotList" name="test_filter_by_type_manual" time="0.910" /><testcase classname="backend.tests.test_snapshots_api.TestSnapshotList" name="test_filter_by_type_daily_safe" time="0.916" /><testcase classname="backend.tests.test_snapshots_api.TestLastMonthSnapshot" name="test_404_when_no_prior_month_snapshot" time="0.909" /><testcase classname="backend.tests.test_snapshots_api.TestLastMonthSnapshot" name="test_returns_injected_prior_month" time="2.778" /><testcase classname="backend.tests.test_snapshots_api.TestDashboardSnapshotBasis" name="test_basis_is_snapshot_when_prior_exists" time="4.611" /><testcase classname="backend.tests.test_snapshots_api.TestDashboardSnapshotBasis" name="test_basis_is_flow_approx_for_new_user" time="5.011" /></testsuite></testsuites>