<?xml version="1.0" encoding="utf-8"?><testsuites name="pytest tests"><testsuite name="pytest" errors="0" failures="0" skipped="0" tests="8" time="37.993" timestamp="2026-05-12T19:00:18.163449+00:00" hostname="agent-env-4530b668-2fee-4cb1-b0ad-c5e919aa9118"><testcase classname="backend.tests.test_investments_api.TestDashboard" name="test_dashboard_shape_and_totals" time="1.988" /><testcase classname="backend.tests.test_investments_api.TestListFilter" name="test_list_all" time="1.038" /><testcase classname="backend.tests.test_investments_api.TestListFilter" name="test_filter_stocks" time="1.037" /><testcase classname="backend.tests.test_investments_api.TestDetail" name="test_detail_with_metrics_and_transactions" time="9.826" /><testcase classname="backend.tests.test_investments_api.TestDetail" name="test_detail_404_for_unknown" time="1.021" /><testcase classname="backend.tests.test_investments_api.TestCRUD" name="test_create_update_delete_flow" time="8.927" /><testcase classname="backend.tests.test_investments_api.TestTransactionsPersistence" name="test_add_multiple_transactions_no_overwrite" time="7.675" /><testcase classname="backend.tests.test_investments_api.TestTransactionsPersistence" name="test_seed_transactions_present" time="6.406" /></testsuite></testsuites>