<?xml version="1.0" encoding="utf-8"?><testsuites name="pytest tests"><testsuite name="pytest" errors="0" failures="0" skipped="0" tests="17" time="42.307" timestamp="2026-05-14T16:47:21.156313+00:00" hostname="agent-env-41679102-e845-479d-b394-f8e2eec5683e"><testcase classname="backend.tests.test_loan_detail_features.TestLoansList" name="test_get_loans_200" time="1.161" /><testcase classname="backend.tests.test_loan_detail_features.TestLoansList" name="test_get_loans_fields" time="1.091" /><testcase classname="backend.tests.test_loan_detail_features.TestLoanAnalytics" name="test_analytics_200" time="2.927" /><testcase classname="backend.tests.test_loan_detail_features.TestLoanAnalytics" name="test_analytics_7_keys" time="1.827" /><testcase classname="backend.tests.test_loan_detail_features.TestLoanAnalytics" name="test_analytics_emi_tracking_fields" time="1.782" /><testcase classname="backend.tests.test_loan_detail_features.TestLoanAnalytics" name="test_analytics_prepayment_impact" time="1.744" /><testcase classname="backend.tests.test_loan_detail_features.TestEMISchedule" name="test_emi_schedule_200" time="1.999" /><testcase classname="backend.tests.test_loan_detail_features.TestEMISchedule" name="test_emi_schedule_is_list" time="2.093" /><testcase classname="backend.tests.test_loan_detail_features.TestEMISchedule" name="test_emi_schedule_generate_then_fetch" time="2.193" /><testcase classname="backend.tests.test_loan_detail_features.TestPrepayments" name="test_get_prepayments_200" time="1.266" /><testcase classname="backend.tests.test_loan_detail_features.TestPrepayments" name="test_get_prepayments_is_list" time="1.255" /><testcase classname="backend.tests.test_loan_detail_features.TestPrepayments" name="test_record_and_delete_prepayment" time="6.145" /><testcase classname="backend.tests.test_loan_detail_features.TestLoanTransactions" name="test_record_emi_payment" time="6.195" /><testcase classname="backend.tests.test_loan_detail_features.TestEMIReminders" name="test_mark_emi_reminder_paid" time="6.575" /><testcase classname="backend.tests.test_loan_detail_features.TestAmortization" name="test_amortization_200" time="0.993" /><testcase classname="backend.tests.test_loan_detail_features.TestAmortization" name="test_amortization_schedule_count" time="1.983" /><testcase classname="backend.tests.test_loan_detail_features.TestAmortization" name="test_amortization_fields" time="0.985" /></testsuite></testsuites>