<?xml version="1.0" encoding="utf-8"?><testsuites name="pytest tests"><testsuite name="pytest" errors="0" failures="0" skipped="0" tests="18" time="39.489" timestamp="2026-05-14T16:26:11.886327+00:00" hostname="agent-env-41679102-e845-479d-b394-f8e2eec5683e"><testcase classname="backend.tests.test_loans_api.TestGetLoans" name="test_list_loans_returns_200" time="4.242" /><testcase classname="backend.tests.test_loans_api.TestGetLoans" name="test_list_loans_have_required_fields" time="4.982" /><testcase classname="backend.tests.test_loans_api.TestCreateLoan" name="test_create_loan_basic" time="2.450" /><testcase classname="backend.tests.test_loans_api.TestCreateLoan" name="test_create_loan_emi_auto_computed" time="2.460" /><testcase classname="backend.tests.test_loans_api.TestCreateLoan" name="test_create_loan_missing_required_fields" time="0.068" /><testcase classname="backend.tests.test_loans_api.TestLoanAnalytics" name="test_analytics_returns_200" time="1.490" /><testcase classname="backend.tests.test_loans_api.TestLoanAnalytics" name="test_analytics_has_all_7_calculations" time="1.746" /><testcase classname="backend.tests.test_loans_api.TestLoanAnalytics" name="test_analytics_outstanding_equals_principal_for_new_loan" time="3.924" /><testcase classname="backend.tests.test_loans_api.TestLoanAnalytics" name="test_analytics_404_for_unknown_loan" time="3.004" /><testcase classname="backend.tests.test_loans_api.TestLoanAmortization" name="test_amortization_returns_200" time="1.994" /><testcase classname="backend.tests.test_loans_api.TestLoanAmortization" name="test_amortization_has_correct_row_count" time="1.487" /><testcase classname="backend.tests.test_loans_api.TestLoanAmortization" name="test_amortization_row_structure" time="1.186" /><testcase classname="backend.tests.test_loans_api.TestLoanTransactions" name="test_record_emi_transaction" time="3.568" /><testcase classname="backend.tests.test_loans_api.TestLoanTransactions" name="test_loan_counters_update_after_transaction" time="1.540" /><testcase classname="backend.tests.test_loans_api.TestLoanTransactions" name="test_record_transaction_404_for_unknown_loan" time="0.943" /><testcase classname="backend.tests.test_loans_api.TestLoansSummary" name="test_summary_returns_200" time="0.944" /><testcase classname="backend.tests.test_loans_api.TestLoansSummary" name="test_summary_has_portfolio_fields" time="0.939" /><testcase classname="backend.tests.test_loans_api.TestLoansSummary" name="test_summary_totals_are_numeric" time="2.434" /></testsuite></testsuites>