<?xml version="1.0" encoding="utf-8"?><testsuites name="pytest tests"><testsuite name="pytest" errors="0" failures="0" skipped="0" tests="30" time="72.744" timestamp="2026-05-02T12:54:13.609127+00:00" hostname="agent-env-3389e5f7-8a97-4fb5-beee-72397ba91511"><testcase classname="backend.tests.test_mpin_api.TestMpinSetupWeakRejection" name="test_weak_mpin_rejected[1111-all the same digit]" time="2.116" /><testcase classname="backend.tests.test_mpin_api.TestMpinSetupWeakRejection" name="test_weak_mpin_rejected[0000-all the same digit]" time="1.632" /><testcase classname="backend.tests.test_mpin_api.TestMpinSetupWeakRejection" name="test_weak_mpin_rejected[2222-all the same digit]" time="1.665" /><testcase classname="backend.tests.test_mpin_api.TestMpinSetupWeakRejection" name="test_weak_mpin_rejected[1234-simple sequence]" time="1.619" /><testcase classname="backend.tests.test_mpin_api.TestMpinSetupWeakRejection" name="test_weak_mpin_rejected[4321-simple descending sequence]" time="1.712" /><testcase classname="backend.tests.test_mpin_api.TestMpinSetupWeakRejection" name="test_weak_mpin_rejected[9876-simple descending sequence]" time="0.619" /><testcase classname="backend.tests.test_mpin_api.TestMpinSetupWeakRejection" name="test_weak_mpin_rejected[1212-repeating pattern]" time="0.610" /><testcase classname="backend.tests.test_mpin_api.TestMpinSetupWeakRejection" name="test_weak_mpin_rejected[4545-repeating pattern]" time="0.615" /><testcase classname="backend.tests.test_mpin_api.TestMpinSetupWeakRejection" name="test_weak_mpin_rejected[123456-simple sequence]" time="0.608" /><testcase classname="backend.tests.test_mpin_api.TestMpinSetupWeakRejection" name="test_weak_mpin_rejected[654321-simple descending sequence]" time="0.602" /><testcase classname="backend.tests.test_mpin_api.TestMpinSetupWeakRejection" name="test_common_mpin_rejected" time="0.621" /><testcase classname="backend.tests.test_mpin_api.TestMpinSetupFormat" name="test_non_digit_rejected[abc]" time="0.604" /><testcase classname="backend.tests.test_mpin_api.TestMpinSetupFormat" name="test_non_digit_rejected[12a4]" time="0.603" /><testcase classname="backend.tests.test_mpin_api.TestMpinSetupFormat" name="test_non_digit_rejected[12.4]" time="0.590" /><testcase classname="backend.tests.test_mpin_api.TestMpinSetupFormat" name="test_too_short_rejected" time="0.606" /><testcase classname="backend.tests.test_mpin_api.TestMpinSetupFormat" name="test_too_long_rejected" time="0.611" /><testcase classname="backend.tests.test_mpin_api.TestMpinSetupFormat" name="test_empty_rejected" time="0.613" /><testcase classname="backend.tests.test_mpin_api.TestMpinSetupSuccess" name="test_strong_4_digit_accepted" time="2.652" /><testcase classname="backend.tests.test_mpin_api.TestMpinSetupSuccess" name="test_strong_6_digit_accepted" time="1.952" /><testcase classname="backend.tests.test_mpin_api.TestMpinSetupSuccess" name="test_bcrypt_hash_in_db" time="3.963" /><testcase classname="backend.tests.test_mpin_api.TestMpinVerify" name="test_correct_mpin_returns_verified" time="4.472" /><testcase classname="backend.tests.test_mpin_api.TestMpinVerify" name="test_wrong_mpin_returns_401_with_remaining" time="3.907" /><testcase classname="backend.tests.test_mpin_api.TestMpinBruteForceLockout" name="test_5_wrong_attempts_then_429" time="14.126" /><testcase classname="backend.tests.test_mpin_api.TestMpinBruteForceLockout" name="test_setup_resets_rate_limit" time="10.342" /><testcase classname="backend.tests.test_mpin_api.TestMpinStatus" name="test_status_after_setup" time="3.118" /><testcase classname="backend.tests.test_mpin_api.TestMpinStatus" name="test_status_after_6_digit_setup" time="3.131" /><testcase classname="backend.tests.test_mpin_api.TestDismissPrompt" name="test_dismiss_prompt_persists" time="2.310" /><testcase classname="backend.tests.test_mpin_api.TestMpinDisable" name="test_disable_flips_flag" time="6.231" /><testcase classname="backend.tests.test_mpin_api.TestMpinAuth" name="test_setup_requires_auth" time="0.161" /><testcase classname="backend.tests.test_mpin_api.TestMpinAuth" name="test_verify_requires_auth" time="0.112" /></testsuite></testsuites>