<?xml version="1.0" encoding="utf-8"?><testsuites name="pytest tests"><testsuite name="pytest" errors="0" failures="0" skipped="0" tests="14" time="73.339" timestamp="2026-05-03T15:25:34.049467+00:00" hostname="agent-env-3389e5f7-8a97-4fb5-beee-72397ba91511"><testcase classname="backend.tests.test_multirecord_and_deltas.TestMultiRecordPersistence" name="test_three_incomes_persist" time="18.070" /><testcase classname="backend.tests.test_multirecord_and_deltas.TestMultiRecordPersistence" name="test_three_expenses_persist" time="6.167" /><testcase classname="backend.tests.test_multirecord_and_deltas.TestMultiRecordPersistence" name="test_two_bills_persist" time="2.707" /><testcase classname="backend.tests.test_multirecord_and_deltas.TestMultiRecordPersistence" name="test_two_credit_cards_persist" time="2.695" /><testcase classname="backend.tests.test_multirecord_and_deltas.TestMultiRecordPersistence" name="test_two_loans_persist" time="2.716" /><testcase classname="backend.tests.test_multirecord_and_deltas.TestMultiRecordPersistence" name="test_two_investments_persist" time="2.690" /><testcase classname="backend.tests.test_multirecord_and_deltas.TestMultiRecordPersistence" name="test_two_reminders_persist" time="2.949" /><testcase classname="backend.tests.test_multirecord_and_deltas.TestMultiRecordPersistence" name="test_two_notes_persist" time="2.757" /><testcase classname="backend.tests.test_multirecord_and_deltas.TestMultiRecordPersistence" name="test_two_family_members_persist" time="2.737" /><testcase classname="backend.tests.test_multirecord_and_deltas.TestDashboardDeltas" name="test_full_delta_response" time="12.506" /><testcase classname="backend.tests.test_multirecord_and_deltas.TestDeltaEdgeCases" name="test_prev_zero_curr_positive_returns_100" time="7.432" /><testcase classname="backend.tests.test_multirecord_and_deltas.TestDeltaEdgeCases" name="test_both_zero_returns_zero" time="4.653" /><testcase classname="backend.tests.test_multirecord_and_deltas.TestSingleUserCollections" name="test_single_user_returns_same_user" time="0.810" /><testcase classname="backend.tests.test_multirecord_and_deltas.TestSingleUserCollections" name="test_settings_still_single_doc" time="4.362" /></testsuite></testsuites>