<?xml version="1.0" encoding="utf-8"?><testsuites name="pytest tests"><testsuite name="pytest" errors="0" failures="0" skipped="0" tests="21" time="105.182" timestamp="2026-05-02T11:35:59.709338+00:00" hostname="agent-env-3389e5f7-8a97-4fb5-beee-72397ba91511"><testcase classname="backend.tests.test_fintracker_api.TestAuth" name="test_single_user_auth" time="0.408" /><testcase classname="backend.tests.test_fintracker_api.TestAuth" name="test_login_register_endpoints_exist" time="1.990" /><testcase classname="backend.tests.test_fintracker_api.TestAccounts" name="test_accounts_crud" time="8.794" /><testcase classname="backend.tests.test_fintracker_api.TestBalanceRegression" name="test_income_create_increases_balance" time="6.983" /><testcase classname="backend.tests.test_fintracker_api.TestBalanceRegression" name="test_expense_create_decreases_balance" time="7.074" /><testcase classname="backend.tests.test_fintracker_api.TestBalanceRegression" name="test_income_update_adjusts_balance" time="10.175" /><testcase classname="backend.tests.test_fintracker_api.TestBalanceRegression" name="test_income_delete_reverts_balance" time="7.833" /><testcase classname="backend.tests.test_fintracker_api.TestBalanceRegression" name="test_expense_update_and_delete_balance" time="11.012" /><testcase classname="backend.tests.test_fintracker_api.TestBills" name="test_bills_flow" time="4.383" /><testcase classname="backend.tests.test_fintracker_api.TestCreditCards" name="test_credit_cards_flow" time="3.220" /><testcase classname="backend.tests.test_fintracker_api.TestInvestments" name="test_investment_flow_with_roi" time="7.151" /><testcase classname="backend.tests.test_fintracker_api.TestRentalsLoans" name="test_rentals" time="2.958" /><testcase classname="backend.tests.test_fintracker_api.TestRentalsLoans" name="test_loans_lending" time="6.216" /><testcase classname="backend.tests.test_fintracker_api.TestBudgetsReminders" name="test_budgets_progress" time="3.502" /><testcase classname="backend.tests.test_fintracker_api.TestBudgetsReminders" name="test_reminders" time="2.949" /><testcase classname="backend.tests.test_fintracker_api.TestNotes" name="test_note_headings_and_notes" time="6.175" /><testcase classname="backend.tests.test_fintracker_api.TestDashboardEtc" name="test_dashboard" time="2.826" /><testcase classname="backend.tests.test_fintracker_api.TestDashboardEtc" name="test_net_worth" time="2.276" /><testcase classname="backend.tests.test_fintracker_api.TestDashboardEtc" name="test_analytics_cashflow" time="3.926" /><testcase classname="backend.tests.test_fintracker_api.TestDashboardEtc" name="test_settings" time="2.317" /><testcase classname="backend.tests.test_fintracker_api.TestFamilyMembers" name="test_family_members_crud" time="2.940" /></testsuite></testsuites>