<?xml version="1.0" encoding="utf-8"?><testsuites name="pytest tests"><testsuite name="pytest" errors="0" failures="0" skipped="0" tests="19" time="36.852" timestamp="2026-05-11T19:51:43.672318+00:00" hostname="agent-env-4530b668-2fee-4cb1-b0ad-c5e919aa9118"><testcase classname="test_reports.test_investment_details.TestCreateBasic" name="test_create_no_details" time="1.679" /><testcase classname="test_reports.test_investment_details.TestSaleDetails" name="test_create_with_sale_details" time="1.054" /><testcase classname="test_reports.test_investment_details.TestSaleDetails" name="test_get_sale_details_persisted" time="2.296" /><testcase classname="test_reports.test_investment_details.TestMaturityDetails" name="test_create_with_maturity_details" time="0.996" /><testcase classname="test_reports.test_investment_details.TestMaturityDetails" name="test_get_maturity_details_persisted" time="2.310" /><testcase classname="test_reports.test_investment_details.TestWithdrawalDetails" name="test_create_with_withdrawal_details" time="0.991" /><testcase classname="test_reports.test_investment_details.TestWithdrawalDetails" name="test_withdrawal_type_partial" time="1.013" /><testcase classname="test_reports.test_investment_details.TestWithdrawalDetails" name="test_get_withdrawal_details_persisted" time="2.262" /><testcase classname="test_reports.test_investment_details.TestAllDetailsSimultaneously" name="test_create_with_all_three_details" time="0.957" /><testcase classname="test_reports.test_investment_details.TestNPSBackwardCompat" name="test_sale_details_date_of_withdrawal_key" time="0.973" /><testcase classname="test_reports.test_investment_details.TestUpdateDetails" name="test_update_withdrawal_details" time="4.099" /><testcase classname="test_reports.test_investment_details.TestUpdateDetails" name="test_update_sale_details" time="4.455" /><testcase classname="test_reports.test_investment_details.TestUpdateDetails" name="test_update_maturity_details_with_renewal" time="4.272" /><testcase classname="test_reports.test_investment_details.TestUpdateDetails" name="test_update_nps_sale_details_date_of_withdrawal" time="4.178" /><testcase classname="test_reports.test_investment_details.TestExistingInvestments" name="test_get_existing_nps" time="1.313" /><testcase classname="test_reports.test_investment_details.TestExistingInvestments" name="test_get_existing_ppf" time="1.350" /><testcase classname="test_reports.test_investment_details.TestExistingInvestments" name="test_list_investments_works" time="1.041" /><testcase classname="test_reports.test_investment_details.TestExistingInvestments" name="test_dashboard_works" time="1.363" /><testcase classname="test_reports.test_investment_details.TestValidation" name="test_invalid_type_for_invested_amount" time="0.150" /></testsuite></testsuites>