<?xml version="1.0" encoding="utf-8"?><testsuites name="pytest tests"><testsuite name="pytest" errors="0" failures="0" skipped="0" tests="17" time="42.183" timestamp="2026-05-02T12:17:07.214272+00:00" hostname="agent-env-3389e5f7-8a97-4fb5-beee-72397ba91511"><testcase classname="backend.tests.test_recovery_api.TestRecoveryStatus" name="test_status_for_fresh_identifier" time="2.086" /><testcase classname="backend.tests.test_recovery_api.TestRecoveryStatus" name="test_status_after_attempts" time="8.724" /><testcase classname="backend.tests.test_recovery_api.TestPasswordEmailRecovery" name="test_no_enumeration_message_for_random_email" time="4.675" /><testcase classname="backend.tests.test_recovery_api.TestPasswordEmailRecovery" name="test_same_message_for_existing_user" time="2.688" /><testcase classname="backend.tests.test_recovery_api.TestPasswordEmailRecovery" name="test_rate_limit_5_attempts_then_429" time="9.403" /><testcase classname="backend.tests.test_recovery_api.TestPasswordEmailRecovery" name="test_email_validation" time="0.103" /><testcase classname="backend.tests.test_recovery_api.TestPhonePasswordReset" name="test_password_too_short_pydantic_422" time="0.111" /><testcase classname="backend.tests.test_recovery_api.TestPhonePasswordReset" name="test_password_weak_no_uppercase_or_digit_400" time="0.106" /><testcase classname="backend.tests.test_recovery_api.TestPhonePasswordReset" name="test_password_weak_no_digit_400" time="0.102" /><testcase classname="backend.tests.test_recovery_api.TestPhonePasswordReset" name="test_password_weak_no_uppercase_400" time="0.111" /><testcase classname="backend.tests.test_recovery_api.TestPhonePasswordReset" name="test_invalid_firebase_token_returns_401" time="0.117" /><testcase classname="backend.tests.test_recovery_api.TestEmailReveal" name="test_invalid_token_returns_401" time="0.141" /><testcase classname="backend.tests.test_recovery_api.TestEmailReveal" name="test_token_too_short_422" time="0.121" /><testcase classname="backend.tests.test_recovery_api.TestEmailMaskingFunction" name="test_mask_email_format" time="0.444" /><testcase classname="backend.tests.test_recovery_api.TestLegacyForgotReset" name="test_legacy_forgot_password_endpoint_responds" time="0.385" /><testcase classname="backend.tests.test_recovery_api.TestLegacyForgotReset" name="test_legacy_reset_password_endpoint_responds" time="0.387" /><testcase classname="backend.tests.test_recovery_api.TestBalanceRegressionSmoke" name="test_income_then_expense_balance_flow" time="12.382" /></testsuite></testsuites>