<?xml version="1.0" encoding="utf-8"?><testsuites name="pytest tests"><testsuite name="pytest" errors="0" failures="0" skipped="0" tests="68" time="200.038" timestamp="2026-05-03T15:26:52.868229+00:00" hostname="agent-env-3389e5f7-8a97-4fb5-beee-72397ba91511"><testcase classname="backend.tests.test_fintracker_api.TestAuth" name="test_single_user_auth" time="0.440" /><testcase classname="backend.tests.test_fintracker_api.TestAuth" name="test_login_register_endpoints_exist" time="1.020" /><testcase classname="backend.tests.test_fintracker_api.TestAccounts" name="test_accounts_crud" time="5.409" /><testcase classname="backend.tests.test_fintracker_api.TestBalanceRegression" name="test_income_create_increases_balance" time="6.953" /><testcase classname="backend.tests.test_fintracker_api.TestBalanceRegression" name="test_expense_create_decreases_balance" time="7.028" /><testcase classname="backend.tests.test_fintracker_api.TestBalanceRegression" name="test_income_update_adjusts_balance" time="10.158" /><testcase classname="backend.tests.test_fintracker_api.TestBalanceRegression" name="test_income_delete_reverts_balance" time="7.809" /><testcase classname="backend.tests.test_fintracker_api.TestBalanceRegression" name="test_expense_update_and_delete_balance" time="10.995" /><testcase classname="backend.tests.test_fintracker_api.TestBills" name="test_bills_flow" time="4.364" /><testcase classname="backend.tests.test_fintracker_api.TestCreditCards" name="test_credit_cards_flow" time="3.185" /><testcase classname="backend.tests.test_fintracker_api.TestInvestments" name="test_investment_flow_with_roi" time="7.060" /><testcase classname="backend.tests.test_fintracker_api.TestRentalsLoans" name="test_rentals" time="2.929" /><testcase classname="backend.tests.test_fintracker_api.TestRentalsLoans" name="test_loans_lending" time="6.156" /><testcase classname="backend.tests.test_fintracker_api.TestBudgetsReminders" name="test_budgets_progress" time="3.554" /><testcase classname="backend.tests.test_fintracker_api.TestBudgetsReminders" name="test_reminders" time="2.959" /><testcase classname="backend.tests.test_fintracker_api.TestNotes" name="test_note_headings_and_notes" time="6.128" /><testcase classname="backend.tests.test_fintracker_api.TestDashboardEtc" name="test_dashboard" time="3.369" /><testcase classname="backend.tests.test_fintracker_api.TestDashboardEtc" name="test_net_worth" time="2.289" /><testcase classname="backend.tests.test_fintracker_api.TestDashboardEtc" name="test_analytics_cashflow" time="3.919" /><testcase classname="backend.tests.test_fintracker_api.TestDashboardEtc" name="test_settings" time="2.315" /><testcase classname="backend.tests.test_fintracker_api.TestFamilyMembers" name="test_family_members_crud" time="2.927" /><testcase classname="backend.tests.test_recovery_api.TestRecoveryStatus" name="test_status_for_fresh_identifier" time="0.458" /><testcase classname="backend.tests.test_recovery_api.TestRecoveryStatus" name="test_status_after_attempts" time="3.404" /><testcase classname="backend.tests.test_recovery_api.TestPasswordEmailRecovery" name="test_no_enumeration_message_for_random_email" time="1.536" /><testcase classname="backend.tests.test_recovery_api.TestPasswordEmailRecovery" name="test_same_message_for_existing_user" time="1.509" /><testcase classname="backend.tests.test_recovery_api.TestPasswordEmailRecovery" name="test_rate_limit_5_attempts_then_429" time="9.269" /><testcase classname="backend.tests.test_recovery_api.TestPasswordEmailRecovery" name="test_email_validation" time="0.113" /><testcase classname="backend.tests.test_recovery_api.TestPhonePasswordReset" name="test_password_too_short_pydantic_422" time="0.134" /><testcase classname="backend.tests.test_recovery_api.TestPhonePasswordReset" name="test_password_weak_no_uppercase_or_digit_400" time="0.118" /><testcase classname="backend.tests.test_recovery_api.TestPhonePasswordReset" name="test_password_weak_no_digit_400" time="0.125" /><testcase classname="backend.tests.test_recovery_api.TestPhonePasswordReset" name="test_password_weak_no_uppercase_400" time="0.131" /><testcase classname="backend.tests.test_recovery_api.TestPhonePasswordReset" name="test_invalid_firebase_token_returns_401" time="0.107" /><testcase classname="backend.tests.test_recovery_api.TestEmailReveal" name="test_invalid_token_returns_401" time="0.122" /><testcase classname="backend.tests.test_recovery_api.TestEmailReveal" name="test_token_too_short_422" time="0.105" /><testcase classname="backend.tests.test_recovery_api.TestEmailMaskingFunction" name="test_mask_email_format" time="0.370" /><testcase classname="backend.tests.test_recovery_api.TestLegacyForgotReset" name="test_legacy_forgot_password_endpoint_responds" time="0.381" /><testcase classname="backend.tests.test_recovery_api.TestLegacyForgotReset" name="test_legacy_reset_password_endpoint_responds" time="0.392" /><testcase classname="backend.tests.test_recovery_api.TestBalanceRegressionSmoke" name="test_income_then_expense_balance_flow" time="12.345" /><testcase classname="backend.tests.test_mpin_api.TestMpinSetupWeakRejection" name="test_weak_mpin_rejected[1111-all the same digit]" time="1.106" /><testcase classname="backend.tests.test_mpin_api.TestMpinSetupWeakRejection" name="test_weak_mpin_rejected[0000-all the same digit]" time="0.616" /><testcase classname="backend.tests.test_mpin_api.TestMpinSetupWeakRejection" name="test_weak_mpin_rejected[2222-all the same digit]" time="0.621" /><testcase classname="backend.tests.test_mpin_api.TestMpinSetupWeakRejection" name="test_weak_mpin_rejected[1234-simple sequence]" time="0.610" /><testcase classname="backend.tests.test_mpin_api.TestMpinSetupWeakRejection" name="test_weak_mpin_rejected[4321-simple descending sequence]" time="0.608" /><testcase classname="backend.tests.test_mpin_api.TestMpinSetupWeakRejection" name="test_weak_mpin_rejected[9876-simple descending sequence]" time="0.621" /><testcase classname="backend.tests.test_mpin_api.TestMpinSetupWeakRejection" name="test_weak_mpin_rejected[1212-repeating pattern]" time="0.616" /><testcase classname="backend.tests.test_mpin_api.TestMpinSetupWeakRejection" name="test_weak_mpin_rejected[4545-repeating pattern]" time="0.629" /><testcase classname="backend.tests.test_mpin_api.TestMpinSetupWeakRejection" name="test_weak_mpin_rejected[123456-simple sequence]" time="0.606" /><testcase classname="backend.tests.test_mpin_api.TestMpinSetupWeakRejection" name="test_weak_mpin_rejected[654321-simple descending sequence]" time="0.626" /><testcase classname="backend.tests.test_mpin_api.TestMpinSetupWeakRejection" name="test_common_mpin_rejected" time="0.620" /><testcase classname="backend.tests.test_mpin_api.TestMpinSetupFormat" name="test_non_digit_rejected[abc]" time="0.614" /><testcase classname="backend.tests.test_mpin_api.TestMpinSetupFormat" name="test_non_digit_rejected[12a4]" time="0.600" /><testcase classname="backend.tests.test_mpin_api.TestMpinSetupFormat" name="test_non_digit_rejected[12.4]" time="0.613" /><testcase classname="backend.tests.test_mpin_api.TestMpinSetupFormat" name="test_too_short_rejected" time="0.628" /><testcase classname="backend.tests.test_mpin_api.TestMpinSetupFormat" name="test_too_long_rejected" time="0.616" /><testcase classname="backend.tests.test_mpin_api.TestMpinSetupFormat" name="test_empty_rejected" time="0.612" /><testcase classname="backend.tests.test_mpin_api.TestMpinSetupSuccess" name="test_strong_4_digit_accepted" time="2.899" /><testcase classname="backend.tests.test_mpin_api.TestMpinSetupSuccess" name="test_strong_6_digit_accepted" time="1.969" /><testcase classname="backend.tests.test_mpin_api.TestMpinSetupSuccess" name="test_bcrypt_hash_in_db" time="3.711" /><testcase classname="backend.tests.test_mpin_api.TestMpinVerify" name="test_correct_mpin_returns_verified" time="4.447" /><testcase classname="backend.tests.test_mpin_api.TestMpinVerify" name="test_wrong_mpin_returns_401_with_remaining" time="3.896" /><testcase classname="backend.tests.test_mpin_api.TestMpinBruteForceLockout" name="test_5_wrong_attempts_then_429" time="14.639" /><testcase classname="backend.tests.test_mpin_api.TestMpinBruteForceLockout" name="test_setup_resets_rate_limit" time="10.324" /><testcase classname="backend.tests.test_mpin_api.TestMpinStatus" name="test_status_after_setup" time="3.154" /><testcase classname="backend.tests.test_mpin_api.TestMpinStatus" name="test_status_after_6_digit_setup" time="3.147" /><testcase classname="backend.tests.test_mpin_api.TestDismissPrompt" name="test_dismiss_prompt_persists" time="2.352" /><testcase classname="backend.tests.test_mpin_api.TestMpinDisable" name="test_disable_flips_flag" time="6.251" /><testcase classname="backend.tests.test_mpin_api.TestMpinAuth" name="test_setup_requires_auth" time="0.159" /><testcase classname="backend.tests.test_mpin_api.TestMpinAuth" name="test_verify_requires_auth" time="0.108" /></testsuite></testsuites>