<?xml version="1.0" encoding="utf-8"?><testsuites name="pytest tests"><testsuite name="pytest" errors="0" failures="0" skipped="0" tests="38" time="132.177" timestamp="2026-05-02T12:55:30.507871+00:00" hostname="agent-env-3389e5f7-8a97-4fb5-beee-72397ba91511"><testcase classname="backend.tests.test_fintracker_api.TestAuth" name="test_single_user_auth" time="0.380" /><testcase classname="backend.tests.test_fintracker_api.TestAuth" name="test_login_register_endpoints_exist" time="1.054" /><testcase classname="backend.tests.test_fintracker_api.TestAccounts" name="test_accounts_crud" time="5.422" /><testcase classname="backend.tests.test_fintracker_api.TestBalanceRegression" name="test_income_create_increases_balance" time="7.011" /><testcase classname="backend.tests.test_fintracker_api.TestBalanceRegression" name="test_expense_create_decreases_balance" time="7.039" /><testcase classname="backend.tests.test_fintracker_api.TestBalanceRegression" name="test_income_update_adjusts_balance" time="10.258" /><testcase classname="backend.tests.test_fintracker_api.TestBalanceRegression" name="test_income_delete_reverts_balance" time="7.939" /><testcase classname="backend.tests.test_fintracker_api.TestBalanceRegression" name="test_expense_update_and_delete_balance" time="11.188" /><testcase classname="backend.tests.test_fintracker_api.TestBills" name="test_bills_flow" time="4.409" /><testcase classname="backend.tests.test_fintracker_api.TestCreditCards" name="test_credit_cards_flow" time="3.263" /><testcase classname="backend.tests.test_fintracker_api.TestInvestments" name="test_investment_flow_with_roi" time="7.095" /><testcase classname="backend.tests.test_fintracker_api.TestRentalsLoans" name="test_rentals" time="2.991" /><testcase classname="backend.tests.test_fintracker_api.TestRentalsLoans" name="test_loans_lending" time="6.249" /><testcase classname="backend.tests.test_fintracker_api.TestBudgetsReminders" name="test_budgets_progress" time="3.529" /><testcase classname="backend.tests.test_fintracker_api.TestBudgetsReminders" name="test_reminders" time="2.994" /><testcase classname="backend.tests.test_fintracker_api.TestNotes" name="test_note_headings_and_notes" time="6.159" /><testcase classname="backend.tests.test_fintracker_api.TestDashboardEtc" name="test_dashboard" time="2.821" /><testcase classname="backend.tests.test_fintracker_api.TestDashboardEtc" name="test_net_worth" time="2.521" /><testcase classname="backend.tests.test_fintracker_api.TestDashboardEtc" name="test_analytics_cashflow" time="3.943" /><testcase classname="backend.tests.test_fintracker_api.TestDashboardEtc" name="test_settings" time="2.373" /><testcase classname="backend.tests.test_fintracker_api.TestFamilyMembers" name="test_family_members_crud" time="2.987" /><testcase classname="backend.tests.test_recovery_api.TestRecoveryStatus" name="test_status_for_fresh_identifier" time="0.439" /><testcase classname="backend.tests.test_recovery_api.TestRecoveryStatus" name="test_status_after_attempts" time="3.499" /><testcase classname="backend.tests.test_recovery_api.TestPasswordEmailRecovery" name="test_no_enumeration_message_for_random_email" time="1.526" /><testcase classname="backend.tests.test_recovery_api.TestPasswordEmailRecovery" name="test_same_message_for_existing_user" time="1.562" /><testcase classname="backend.tests.test_recovery_api.TestPasswordEmailRecovery" name="test_rate_limit_5_attempts_then_429" time="9.316" /><testcase classname="backend.tests.test_recovery_api.TestPasswordEmailRecovery" name="test_email_validation" time="0.112" /><testcase classname="backend.tests.test_recovery_api.TestPhonePasswordReset" name="test_password_too_short_pydantic_422" time="0.100" /><testcase classname="backend.tests.test_recovery_api.TestPhonePasswordReset" name="test_password_weak_no_uppercase_or_digit_400" time="0.107" /><testcase classname="backend.tests.test_recovery_api.TestPhonePasswordReset" name="test_password_weak_no_digit_400" time="0.152" /><testcase classname="backend.tests.test_recovery_api.TestPhonePasswordReset" name="test_password_weak_no_uppercase_400" time="0.101" /><testcase classname="backend.tests.test_recovery_api.TestPhonePasswordReset" name="test_invalid_firebase_token_returns_401" time="0.099" /><testcase classname="backend.tests.test_recovery_api.TestEmailReveal" name="test_invalid_token_returns_401" time="0.121" /><testcase classname="backend.tests.test_recovery_api.TestEmailReveal" name="test_token_too_short_422" time="0.105" /><testcase classname="backend.tests.test_recovery_api.TestEmailMaskingFunction" name="test_mask_email_format" time="0.445" /><testcase classname="backend.tests.test_recovery_api.TestLegacyForgotReset" name="test_legacy_forgot_password_endpoint_responds" time="0.383" /><testcase classname="backend.tests.test_recovery_api.TestLegacyForgotReset" name="test_legacy_reset_password_endpoint_responds" time="0.376" /><testcase classname="backend.tests.test_recovery_api.TestBalanceRegressionSmoke" name="test_income_then_expense_balance_flow" time="12.020" /></testsuite></testsuites>