<?xml version="1.0" encoding="utf-8"?><testsuites name="pytest tests"><testsuite name="pytest" errors="0" failures="0" skipped="0" tests="13" time="39.609" timestamp="2026-05-03T16:37:27.680122+00:00" hostname="agent-env-3389e5f7-8a97-4fb5-beee-72397ba91511"><testcase classname="backend.tests.test_snapshots_api.TestSnapshotAuth" name="test_capture_requires_auth" time="0.154" /><testcase classname="backend.tests.test_snapshots_api.TestSnapshotAuth" name="test_list_requires_auth" time="0.112" /><testcase classname="backend.tests.test_snapshots_api.TestSnapshotAuth" name="test_last_month_requires_auth" time="0.107" /><testcase classname="backend.tests.test_snapshots_api.TestSnapshotCapture" name="test_capture_returns_full_schema" time="11.988" /><testcase classname="backend.tests.test_snapshots_api.TestSnapshotCapture" name="test_three_captures_persist" time="8.573" /><testcase classname="backend.tests.test_snapshots_api.TestSnapshotCapture" name="test_networth_math_with_account_balance" time="2.671" /><testcase classname="backend.tests.test_snapshots_api.TestSnapshotList" name="test_list_returns_count_and_sorted_desc" time="0.908" /><testcase classname="backend.tests.test_snapshots_api.TestSnapshotList" name="test_filter_by_type_manual" time="0.883" /><testcase classname="backend.tests.test_snapshots_api.TestSnapshotList" name="test_filter_by_type_daily_safe" time="0.884" /><testcase classname="backend.tests.test_snapshots_api.TestLastMonthSnapshot" name="test_404_when_no_prior_month_snapshot" time="0.893" /><testcase classname="backend.tests.test_snapshots_api.TestLastMonthSnapshot" name="test_returns_injected_prior_month" time="2.629" /><testcase classname="backend.tests.test_snapshots_api.TestDashboardSnapshotBasis" name="test_basis_is_snapshot_when_prior_exists" time="4.552" /><testcase classname="backend.tests.test_snapshots_api.TestDashboardSnapshotBasis" name="test_basis_is_flow_approx_for_new_user" time="4.930" /></testsuite></testsuites>