<?xml version="1.0" encoding="utf-8"?><testsuites name="pytest tests"><testsuite name="pytest" errors="0" failures="0" skipped="0" tests="14" time="156.420" timestamp="2026-05-05T18:38:11.366561+00:00" hostname="agent-env-3389e5f7-8a97-4fb5-beee-72397ba91511"><testcase classname="backend.tests.test_transfers_api.TestTransferCreate" name="test_happy_path" time="22.133" /><testcase classname="backend.tests.test_transfers_api.TestTransferCreate" name="test_amount_zero_rejected" time="5.157" /><testcase classname="backend.tests.test_transfers_api.TestTransferCreate" name="test_negative_amount_rejected" time="5.492" /><testcase classname="backend.tests.test_transfers_api.TestTransferCreate" name="test_from_equals_to_rejected" time="5.583" /><testcase classname="backend.tests.test_transfers_api.TestTransferCreate" name="test_missing_account_ids_rejected" time="0.072" /><testcase classname="backend.tests.test_transfers_api.TestTransferCreate" name="test_account_not_owned_rejected" time="6.172" /><testcase classname="backend.tests.test_transfers_api.TestTransferRead" name="test_list_and_get_one" time="22.388" /><testcase classname="backend.tests.test_transfers_api.TestTransferRead" name="test_get_nonexistent_returns_404" time="0.900" /><testcase classname="backend.tests.test_transfers_api.TestTransferUpdate" name="test_amount_change_rebalances" time="18.431" /><testcase classname="backend.tests.test_transfers_api.TestTransferUpdate" name="test_change_from_account_rebalances" time="22.974" /><testcase classname="backend.tests.test_transfers_api.TestTransferDelete" name="test_delete_reverses_balances" time="14.953" /><testcase classname="backend.tests.test_transfers_api.TestDashboardTransferIsolation" name="test_transfer_not_in_income_expense_and_total_balance_conserved" time="17.797" /><testcase classname="backend.tests.test_transfers_api.TestIncomeExpenseNewFields" name="test_income_optional_fields_persist" time="7.159" /><testcase classname="backend.tests.test_transfers_api.TestIncomeExpenseNewFields" name="test_expense_optional_fields_persist" time="7.114" /></testsuite></testsuites>