<?xml version="1.0" encoding="utf-8"?><testsuites name="pytest tests"><testsuite name="pytest" errors="0" failures="0" skipped="0" tests="9" time="59.059" timestamp="2026-05-05T19:53:25.430039+00:00" hostname="agent-env-3389e5f7-8a97-4fb5-beee-72397ba91511"><testcase classname="backend.tests.test_uploads_and_labels.TestUploadAttachment" name="test_upload_png_success" time="3.941" /><testcase classname="backend.tests.test_uploads_and_labels.TestUploadAttachment" name="test_upload_rejects_non_image" time="1.689" /><testcase classname="backend.tests.test_uploads_and_labels.TestUploadAttachment" name="test_upload_rejects_empty" time="1.655" /><testcase classname="backend.tests.test_uploads_and_labels.TestUploadAttachment" name="test_upload_rejects_too_large" time="2.322" /><testcase classname="backend.tests.test_uploads_and_labels.TestLabels" name="test_labels_reflect_recent_expense" time="12.084" /><testcase classname="backend.tests.test_uploads_and_labels.TestTransferOptionalFields" name="test_transfer_with_new_fields_round_trip" time="12.986" /><testcase classname="backend.tests.test_uploads_and_labels.TestBackwardCompat" name="test_expense_without_new_fields" time="6.395" /><testcase classname="backend.tests.test_uploads_and_labels.TestBackwardCompat" name="test_income_without_new_fields" time="6.474" /><testcase classname="backend.tests.test_uploads_and_labels.TestBackwardCompat" name="test_transfer_without_new_fields" time="11.427" /></testsuite></testsuites>